--------------------------------------------------------------------------------
Makelog started: 2024-09-09 15:51:52
Working directory: /oak/stanford/groups/gentzkow/lucaml/template/paper_slides
--------------------------------------------------------------------------------
Input copies successfully created!
External copies successfully created!
Source logs successfully written!
WARNING! The following target files have been modified according to git status:
/oak/stanford/groups/gentzkow/lucaml/template/data/output/chips_sold.pdf
/oak/stanford/groups/gentzkow/lucaml/template/analysis/output/regression_cluster.csv
Version logs successfully written!
Executing command: `pdflatex -output-directory=../latex_auxiliary_dir  "/oak/stanford/groups/gentzkow/lucaml/template/paper_slides/code/paper.tex"`
This is pdfTeX, Version 3.14159265-2.6-1.40.20 (TeX Live 2019) (preloaded format=pdflatex)
 restricted \write18 enabled.
entering extended mode
(/oak/stanford/groups/gentzkow/lucaml/template/paper_slides/code/paper.tex
LaTeX2e <2019-10-01> patch level 1
(/share/software/user/open/texlive/2019/texmf-dist/tex/latex/base/article.cls
Document Class: article 2019/08/27 v1.4j Standard LaTeX document class
(/share/software/user/open/texlive/2019/texmf-dist/tex/latex/base/size12.clo))
(/share/software/user/open/texlive/2019/texmf-dist/tex/latex/psnfss/mathptmx.st
y)
(/share/software/user/open/texlive/2019/texmf-dist/tex/latex/base/inputenc.sty
(/share/software/user/open/texlive/2019/texmf-dist/tex/latex/base/latin9.def))
(/share/software/user/open/texlive/2019/texmf-dist/tex/latex/geometry/geometry.
sty
(/share/software/user/open/texlive/2019/texmf-dist/tex/latex/graphics/keyval.st
y)
(/share/software/user/open/texlive/2019/texmf-dist/tex/generic/oberdiek/ifpdf.s
ty)
(/share/software/user/open/texlive/2019/texmf-dist/tex/generic/oberdiek/ifvtex.
sty)
(/share/software/user/open/texlive/2019/texmf-dist/tex/generic/ifxetex/ifxetex.
sty))
(/share/software/user/open/texlive/2019/texmf-dist/tex/latex/float/float.sty)
(/share/software/user/open/texlive/2019/texmf-dist/tex/latex/amsmath/amsmath.st
y
For additional information on amsmath, use the `?' option.

(/share/software/user/open/texlive/2019/texmf-dist/tex/latex/amsmath/amstext.st
y
(/share/software/user/open/texlive/2019/texmf-dist/tex/latex/amsmath/amsgen.sty
))
(/share/software/user/open/texlive/2019/texmf-dist/tex/latex/amsmath/amsbsy.sty
)
(/share/software/user/open/texlive/2019/texmf-dist/tex/latex/amsmath/amsopn.sty
))
(/share/software/user/open/texlive/2019/texmf-dist/tex/latex/amscls/amsthm.sty)

(/share/software/user/open/texlive/2019/texmf-dist/tex/latex/amsfonts/amssymb.s
ty
(/share/software/user/open/texlive/2019/texmf-dist/tex/latex/amsfonts/amsfonts.
sty))
(/share/software/user/open/texlive/2019/texmf-dist/tex/latex/graphics/graphicx.
sty
(/share/software/user/open/texlive/2019/texmf-dist/tex/latex/graphics/graphics.
sty
(/share/software/user/open/texlive/2019/texmf-dist/tex/latex/graphics/trig.sty)

(/share/software/user/open/texlive/2019/texmf-dist/tex/latex/graphics-cfg/graph
ics.cfg)
(/share/software/user/open/texlive/2019/texmf-dist/tex/latex/graphics-def/pdfte
x.def)))
(/share/software/user/open/texlive/2019/texmf-dist/tex/latex/setspace/setspace.
sty)
(/share/software/user/open/texlive/2019/texmf-dist/tex/latex/natbib/natbib.sty)
 (/share/software/user/open/texlive/2019/texmf-dist/tex/latex/tools/bm.sty)
(/share/software/user/open/texlive/2019/texmf-dist/tex/latex/sectsty/sectsty.st
y

LaTeX Warning: Command \underbar  has changed.
               Check if current package is valid.


LaTeX Warning: Command \underline  has changed.
               Check if current package is valid.

)
(/share/software/user/open/texlive/2019/texmf-dist/tex/latex/datetime/datetime.
sty
(/share/software/user/open/texlive/2019/texmf-dist/tex/latex/etoolbox/etoolbox.
sty)
(/share/software/user/open/texlive/2019/texmf-dist/tex/latex/fmtcount/fmtcount.
sty
(/share/software/user/open/texlive/2019/texmf-dist/tex/latex/base/ifthen.sty)
(/share/software/user/open/texlive/2019/texmf-dist/tex/latex/xkeyval/xkeyval.st
y
(/share/software/user/open/texlive/2019/texmf-dist/tex/generic/xkeyval/xkeyval.
tex
(/share/software/user/open/texlive/2019/texmf-dist/tex/generic/xkeyval/xkvutils
.tex)))
(/share/software/user/open/texlive/2019/texmf-dist/tex/latex/fmtcount/fcprefix.
sty
(/share/software/user/open/texlive/2019/texmf-dist/tex/latex/fmtcount/fcnumpars
er.sty)))
(/share/software/user/open/texlive/2019/texmf-dist/tex/latex/datetime/datetime-
defaults.sty))
(/share/software/user/open/texlive/2019/texmf-dist/tex/latex/oberdiek/pdflscape
.sty
(/share/software/user/open/texlive/2019/texmf-dist/tex/latex/graphics/lscape.st
y))
(/share/software/user/open/texlive/2019/texmf-dist/tex/generic/babel/babel.sty
(/share/software/user/open/texlive/2019/texmf-dist/tex/generic/babel/switch.def
)
(/share/software/user/open/texlive/2019/texmf-dist/tex/generic/babel-english/en
glish.ldf
(/share/software/user/open/texlive/2019/texmf-dist/tex/generic/babel/babel.def
(/share/software/user/open/texlive/2019/texmf-dist/tex/generic/babel/txtbabel.d
ef))))
(/share/software/user/open/texlive/2019/texmf-dist/tex/latex/psnfss/times.sty)
(/share/software/user/open/texlive/2019/texmf-dist/tex/latex/caption/caption.st
y
(/share/software/user/open/texlive/2019/texmf-dist/tex/latex/caption/caption3.s
ty))
(/share/software/user/open/texlive/2019/texmf-dist/tex/latex/footmisc/footmisc.
sty)

LaTeX Warning: Unused global option(s):
    [hyperfootnotes=false].

No file paper.aux.
(/share/software/user/open/texlive/2019/texmf-dist/tex/latex/psnfss/ot1ptm.fd)
*geometry* driver: auto-detecting
*geometry* detected driver: pdftex
*geometry* verbose mode - [ preamble ] result:
* driver: pdftex
* paper: <default>
* layout: <same size as paper>
* layoutoffset:(h,v)=(0.0pt,0.0pt)
* modes: 
* h-part:(L,W,R)=(72.26999pt, 469.75502pt, 72.26999pt)
* v-part:(T,H,B)=(72.26999pt, 650.43001pt, 72.26999pt)
* \paperwidth=614.295pt
* \paperheight=794.96999pt
* \textwidth=469.75502pt
* \textheight=650.43001pt
* \oddsidemargin=0.0pt
* \evensidemargin=0.0pt
* \topmargin=-37.0pt
* \headheight=12.0pt
* \headsep=25.0pt
* \topskip=12.0pt
* \footskip=30.0pt
* \marginparwidth=44.0pt
* \marginparsep=10.0pt
* \columnsep=10.0pt
* \skip\footins=10.8pt plus 4.0pt minus 2.0pt
* \hoffset=0.0pt
* \voffset=0.0pt
* \mag=1000
* \@twocolumnfalse
* \@twosidefalse
* \@mparswitchfalse
* \@reversemarginfalse
* (1in=72.27pt=25.4mm, 1cm=28.453pt)


(/share/software/user/open/texlive/2019/texmf-dist/tex/context/base/mkii/supp-p
df.mkii
[Loading MPS to PDF converter (version 2006.09.02).]
)
(/share/software/user/open/texlive/2019/texmf-dist/tex/latex/oberdiek/epstopdf-
base.sty
(/share/software/user/open/texlive/2019/texmf-dist/tex/generic/oberdiek/infware
rr.sty)
(/share/software/user/open/texlive/2019/texmf-dist/tex/latex/oberdiek/grfext.st
y
(/share/software/user/open/texlive/2019/texmf-dist/tex/generic/oberdiek/kvdefin
ekeys.sty
(/share/software/user/open/texlive/2019/texmf-dist/tex/generic/oberdiek/ltxcmds
.sty)))
(/share/software/user/open/texlive/2019/texmf-dist/tex/latex/oberdiek/kvoptions
.sty
(/share/software/user/open/texlive/2019/texmf-dist/tex/generic/oberdiek/kvsetke
ys.sty
(/share/software/user/open/texlive/2019/texmf-dist/tex/generic/oberdiek/etexcmd
s.sty
(/share/software/user/open/texlive/2019/texmf-dist/tex/generic/oberdiek/ifluate
x.sty))))
(/share/software/user/open/texlive/2019/texmf-dist/tex/generic/oberdiek/pdftexc
mds.sty)
(/share/software/user/open/texlive/2019/texmf-dist/tex/latex/latexconfig/epstop
df-sys.cfg))
(/share/software/user/open/texlive/2019/texmf-dist/tex/latex/psnfss/ot1ztmcm.fd
)
(/share/software/user/open/texlive/2019/texmf-dist/tex/latex/psnfss/omlztmcm.fd
)
(/share/software/user/open/texlive/2019/texmf-dist/tex/latex/psnfss/omsztmcm.fd
)
(/share/software/user/open/texlive/2019/texmf-dist/tex/latex/psnfss/omxztmcm.fd
) (/share/software/user/open/texlive/2019/texmf-dist/tex/latex/psnfss/omsptm.fd
)
pdfTeX warning (Object streams): \pdfobjcompresslevel > 0 requires \pdfminorver
sion > 4. Object streams disabled now.
[1{/share/software/user/open/texlive/2019/texmf-var/fonts/map/pdftex/updmap/pdf
tex.map}] [2] [3] (./figures.tex) [4 <../input/chips_sold.pdf>]
(../output/tables_filled.tex) (../output/tables_subset_filled.tex)
(../output/tables_cluster_filled.tex) [5] [6] (../latex_auxiliary_dir/paper.aux
)

LaTeX Warning: Label(s) may have changed. Rerun to get cross-references right.

 )
(see the transcript file for additional information){/share/software/user/open/
texlive/2019/texmf-dist/fonts/enc/dvips/base/8r.enc}</share/software/user/open/
texlive/2019/texmf-dist/fonts/type1/public/amsfonts/cm/cmsy10.pfb></share/softw
are/user/open/texlive/2019/texmf-dist/fonts/type1/public/amsfonts/cm/cmsy7.pfb>
</share/software/user/open/texlive/2019/texmf-dist/fonts/type1/urw/symbol/usyr.
pfb></share/software/user/open/texlive/2019/texmf-dist/fonts/type1/urw/times/ut
mb8a.pfb></share/software/user/open/texlive/2019/texmf-dist/fonts/type1/urw/tim
es/utmr8a.pfb></share/software/user/open/texlive/2019/texmf-dist/fonts/type1/ur
w/times/utmri8a.pfb>
Output written on ../latex_auxiliary_dir/paper.pdf (6 pages, 70435 bytes).
Transcript written on ../latex_auxiliary_dir/paper.log.

Executing command: `pdflatex -output-directory=../latex_auxiliary_dir  "/oak/stanford/groups/gentzkow/lucaml/template/paper_slides/code/online_appendix.tex"`
This is pdfTeX, Version 3.14159265-2.6-1.40.20 (TeX Live 2019) (preloaded format=pdflatex)
 restricted \write18 enabled.
entering extended mode

(/oak/stanford/groups/gentzkow/lucaml/template/paper_slides/code/online_appendi
x.tex
LaTeX2e <2019-10-01> patch level 1
(/share/software/user/open/texlive/2019/texmf-dist/tex/latex/base/article.cls
Document Class: article 2019/08/27 v1.4j Standard LaTeX document class
(/share/software/user/open/texlive/2019/texmf-dist/tex/latex/base/size12.clo))
(/share/software/user/open/texlive/2019/texmf-dist/tex/latex/base/inputenc.sty
(/share/software/user/open/texlive/2019/texmf-dist/tex/latex/base/latin9.def))
(/share/software/user/open/texlive/2019/texmf-dist/tex/latex/geometry/geometry.
sty
(/share/software/user/open/texlive/2019/texmf-dist/tex/latex/graphics/keyval.st
y)
(/share/software/user/open/texlive/2019/texmf-dist/tex/generic/oberdiek/ifpdf.s
ty)
(/share/software/user/open/texlive/2019/texmf-dist/tex/generic/oberdiek/ifvtex.
sty)
(/share/software/user/open/texlive/2019/texmf-dist/tex/generic/ifxetex/ifxetex.
sty))
(/share/software/user/open/texlive/2019/texmf-dist/tex/latex/float/float.sty)
(/share/software/user/open/texlive/2019/texmf-dist/tex/latex/amsmath/amsmath.st
y
For additional information on amsmath, use the `?' option.

(/share/software/user/open/texlive/2019/texmf-dist/tex/latex/amsmath/amstext.st
y
(/share/software/user/open/texlive/2019/texmf-dist/tex/latex/amsmath/amsgen.sty
))
(/share/software/user/open/texlive/2019/texmf-dist/tex/latex/amsmath/amsbsy.sty
)
(/share/software/user/open/texlive/2019/texmf-dist/tex/latex/amsmath/amsopn.sty
))
(/share/software/user/open/texlive/2019/texmf-dist/tex/latex/amscls/amsthm.sty)

(/share/software/user/open/texlive/2019/texmf-dist/tex/latex/amsfonts/amssymb.s
ty
(/share/software/user/open/texlive/2019/texmf-dist/tex/latex/amsfonts/amsfonts.
sty))
(/share/software/user/open/texlive/2019/texmf-dist/tex/latex/setspace/setspace.
sty)
(/share/software/user/open/texlive/2019/texmf-dist/tex/latex/sectsty/sectsty.st
y

LaTeX Warning: Command \underbar  has changed.
               Check if current package is valid.


LaTeX Warning: Command \underline  has changed.
               Check if current package is valid.

)
(/share/software/user/open/texlive/2019/texmf-dist/tex/latex/anysize/anysize.st
y
document style option `anysize' loaded
Michael Salzenberg, Thomas Esser, Dirk Hillbrecht
Version 1.0, Aug 13, 1994
)
(/share/software/user/open/texlive/2019/texmf-dist/tex/latex/datetime/datetime.
sty
(/share/software/user/open/texlive/2019/texmf-dist/tex/latex/etoolbox/etoolbox.
sty)
(/share/software/user/open/texlive/2019/texmf-dist/tex/latex/fmtcount/fmtcount.
sty
(/share/software/user/open/texlive/2019/texmf-dist/tex/latex/base/ifthen.sty)
(/share/software/user/open/texlive/2019/texmf-dist/tex/latex/xkeyval/xkeyval.st
y
(/share/software/user/open/texlive/2019/texmf-dist/tex/generic/xkeyval/xkeyval.
tex
(/share/software/user/open/texlive/2019/texmf-dist/tex/generic/xkeyval/xkvutils
.tex)))
(/share/software/user/open/texlive/2019/texmf-dist/tex/latex/fmtcount/fcprefix.
sty
(/share/software/user/open/texlive/2019/texmf-dist/tex/latex/fmtcount/fcnumpars
er.sty))
(/share/software/user/open/texlive/2019/texmf-dist/tex/latex/fmtcount/fc-englis
h.def))
(/share/software/user/open/texlive/2019/texmf-dist/tex/latex/datetime/datetime-
defaults.sty))
(/share/software/user/open/texlive/2019/texmf-dist/tex/latex/oberdiek/pdflscape
.sty
(/share/software/user/open/texlive/2019/texmf-dist/tex/latex/graphics/lscape.st
y
(/share/software/user/open/texlive/2019/texmf-dist/tex/latex/graphics/graphics.
sty
(/share/software/user/open/texlive/2019/texmf-dist/tex/latex/graphics/trig.sty)

(/share/software/user/open/texlive/2019/texmf-dist/tex/latex/graphics-cfg/graph
ics.cfg)
(/share/software/user/open/texlive/2019/texmf-dist/tex/latex/graphics-def/pdfte
x.def))))
(/share/software/user/open/texlive/2019/texmf-dist/tex/latex/psnfss/times.sty)
(/share/software/user/open/texlive/2019/texmf-dist/tex/latex/caption/caption.st
y
(/share/software/user/open/texlive/2019/texmf-dist/tex/latex/caption/caption3.s
ty))
(/share/software/user/open/texlive/2019/texmf-dist/tex/latex/footmisc/footmisc.
sty)
(/share/software/user/open/texlive/2019/texmf-dist/tex/generic/babel/babel.sty
(/share/software/user/open/texlive/2019/texmf-dist/tex/generic/babel/switch.def
)
(/share/software/user/open/texlive/2019/texmf-dist/tex/generic/babel-english/en
glish.ldf
(/share/software/user/open/texlive/2019/texmf-dist/tex/generic/babel/babel.def
(/share/software/user/open/texlive/2019/texmf-dist/tex/generic/babel/txtbabel.d
ef))))
No file online_appendix.aux.
(/share/software/user/open/texlive/2019/texmf-dist/tex/latex/psnfss/ot1ptm.fd)
*geometry* driver: auto-detecting
*geometry* detected driver: pdftex
*geometry* verbose mode - [ preamble ] result:
* driver: pdftex
* paper: <default>
* layout: <same size as paper>
* layoutoffset:(h,v)=(0.0pt,0.0pt)
* modes: 
* h-part:(L,W,R)=(72.26999pt, 469.75502pt, 72.26999pt)
* v-part:(T,H,B)=(72.26999pt, 650.43001pt, 72.26999pt)
* \paperwidth=597.50787pt
* \paperheight=845.04684pt
* \textwidth=455.24411pt
* \textheight=664.23584pt
* \oddsidemargin=13.08827pt
* \evensidemargin=-15.36449pt
* \topmargin=-15.36449pt
* \headheight=12.0pt
* \headsep=25.0pt
* \topskip=12.0pt
* \footskip=30.0pt
* \marginparwidth=44.0pt
* \marginparsep=10.0pt
* \columnsep=10.0pt
* \skip\footins=10.8pt plus 4.0pt minus 2.0pt
* \hoffset=0.0pt
* \voffset=0.0pt
* \mag=1000
* \@twocolumnfalse
* \@twosidefalse
* \@mparswitchfalse
* \@reversemarginfalse
* (1in=72.27pt=25.4mm, 1cm=28.453pt)


(/share/software/user/open/texlive/2019/texmf-dist/tex/context/base/mkii/supp-p
df.mkii
[Loading MPS to PDF converter (version 2006.09.02).]
)
(/share/software/user/open/texlive/2019/texmf-dist/tex/latex/oberdiek/epstopdf-
base.sty
(/share/software/user/open/texlive/2019/texmf-dist/tex/generic/oberdiek/infware
rr.sty)
(/share/software/user/open/texlive/2019/texmf-dist/tex/latex/oberdiek/grfext.st
y
(/share/software/user/open/texlive/2019/texmf-dist/tex/generic/oberdiek/kvdefin
ekeys.sty
(/share/software/user/open/texlive/2019/texmf-dist/tex/generic/oberdiek/ltxcmds
.sty)))
(/share/software/user/open/texlive/2019/texmf-dist/tex/latex/oberdiek/kvoptions
.sty
(/share/software/user/open/texlive/2019/texmf-dist/tex/generic/oberdiek/kvsetke
ys.sty
(/share/software/user/open/texlive/2019/texmf-dist/tex/generic/oberdiek/etexcmd
s.sty
(/share/software/user/open/texlive/2019/texmf-dist/tex/generic/oberdiek/ifluate
x.sty))))
(/share/software/user/open/texlive/2019/texmf-dist/tex/generic/oberdiek/pdftexc
mds.sty)
(/share/software/user/open/texlive/2019/texmf-dist/tex/latex/latexconfig/epstop
df-sys.cfg))
(/share/software/user/open/texlive/2019/texmf-dist/tex/latex/amsfonts/umsa.fd)
(/share/software/user/open/texlive/2019/texmf-dist/tex/latex/amsfonts/umsb.fd)
(/share/software/user/open/texlive/2019/texmf-dist/tex/latex/psnfss/omsptm.fd)
No file online_appendix.lot.
No file online_appendix.lof.
[1{/share/software/user/open/texlive/2019/texmf-var/fonts/map/pdftex/updmap/pdf
tex.map}] (../latex_auxiliary_dir/online_appendix.aux) ){/share/software/user/o
pen/texlive/2019/texmf-dist/fonts/enc/dvips/base/8r.enc}</share/software/user/o
pen/texlive/2019/texmf-dist/fonts/type1/public/amsfonts/cm/cmsy10.pfb></share/s
oftware/user/open/texlive/2019/texmf-dist/fonts/type1/public/amsfonts/cm/cmsy7.
pfb></share/software/user/open/texlive/2019/texmf-dist/fonts/type1/urw/times/ut
mb8a.pfb></share/software/user/open/texlive/2019/texmf-dist/fonts/type1/urw/tim
es/utmr8a.pfb></share/software/user/open/texlive/2019/texmf-dist/fonts/type1/ur
w/times/utmri8a.pfb>
Output written on ../latex_auxiliary_dir/online_appendix.pdf (1 page, 45975 byt
es).
Transcript written on ../latex_auxiliary_dir/online_appendix.log.

Executing command: `pdflatex -output-directory=../latex_auxiliary_dir  "/oak/stanford/groups/gentzkow/lucaml/template/paper_slides/code/slides.tex"`
This is pdfTeX, Version 3.14159265-2.6-1.40.20 (TeX Live 2019) (preloaded format=pdflatex)
 restricted \write18 enabled.
entering extended mode
(/oak/stanford/groups/gentzkow/lucaml/template/paper_slides/code/slides.tex
LaTeX2e <2019-10-01> patch level 1
(/share/software/user/open/texlive/2019/texmf-dist/tex/latex/beamer/beamer.cls
Document Class: beamer 2019/09/29 v3.57 A class for typesetting presentations

(/share/software/user/open/texlive/2019/texmf-dist/tex/latex/beamer/beamerbasem
odes.sty
(/share/software/user/open/texlive/2019/texmf-dist/tex/latex/etoolbox/etoolbox.
sty)
(/share/software/user/open/texlive/2019/texmf-dist/tex/latex/beamer/beamerbased
ecode.sty))
(/share/software/user/open/texlive/2019/texmf-dist/tex/generic/oberdiek/ifpdf.s
ty)
(/share/software/user/open/texlive/2019/texmf-dist/tex/latex/beamer/beamerbaseo
ptions.sty
(/share/software/user/open/texlive/2019/texmf-dist/tex/latex/graphics/keyval.st
y))
(/share/software/user/open/texlive/2019/texmf-dist/tex/latex/geometry/geometry.
sty
(/share/software/user/open/texlive/2019/texmf-dist/tex/generic/oberdiek/ifvtex.
sty)
(/share/software/user/open/texlive/2019/texmf-dist/tex/generic/ifxetex/ifxetex.
sty))
(/share/software/user/open/texlive/2019/texmf-dist/tex/latex/base/size11.clo)
(/share/software/user/open/texlive/2019/texmf-dist/tex/latex/pgf/basiclayer/pgf
core.sty
(/share/software/user/open/texlive/2019/texmf-dist/tex/latex/graphics/graphicx.
sty
(/share/software/user/open/texlive/2019/texmf-dist/tex/latex/graphics/graphics.
sty
(/share/software/user/open/texlive/2019/texmf-dist/tex/latex/graphics/trig.sty)

(/share/software/user/open/texlive/2019/texmf-dist/tex/latex/graphics-cfg/graph
ics.cfg)
(/share/software/user/open/texlive/2019/texmf-dist/tex/latex/graphics-def/pdfte
x.def)))
(/share/software/user/open/texlive/2019/texmf-dist/tex/latex/pgf/systemlayer/pg
fsys.sty
(/share/software/user/open/texlive/2019/texmf-dist/tex/latex/pgf/utilities/pgfr
cs.sty
(/share/software/user/open/texlive/2019/texmf-dist/tex/generic/pgf/utilities/pg
futil-common.tex
(/share/software/user/open/texlive/2019/texmf-dist/tex/generic/pgf/utilities/pg
futil-common-lists.tex))
(/share/software/user/open/texlive/2019/texmf-dist/tex/generic/pgf/utilities/pg
futil-latex.def
(/share/software/user/open/texlive/2019/texmf-dist/tex/latex/ms/everyshi.sty))
(/share/software/user/open/texlive/2019/texmf-dist/tex/generic/pgf/utilities/pg
frcs.code.tex
(/share/software/user/open/texlive/2019/texmf-dist/tex/generic/pgf/pgf.revision
.tex)))
(/share/software/user/open/texlive/2019/texmf-dist/tex/generic/pgf/systemlayer/
pgfsys.code.tex
(/share/software/user/open/texlive/2019/texmf-dist/tex/generic/pgf/utilities/pg
fkeys.code.tex
(/share/software/user/open/texlive/2019/texmf-dist/tex/generic/pgf/utilities/pg
fkeysfiltered.code.tex))
(/share/software/user/open/texlive/2019/texmf-dist/tex/generic/pgf/systemlayer/
pgf.cfg)
(/share/software/user/open/texlive/2019/texmf-dist/tex/generic/pgf/systemlayer/
pgfsys-pdftex.def
(/share/software/user/open/texlive/2019/texmf-dist/tex/generic/pgf/systemlayer/
pgfsys-common-pdf.def)))
(/share/software/user/open/texlive/2019/texmf-dist/tex/generic/pgf/systemlayer/
pgfsyssoftpath.code.tex)
(/share/software/user/open/texlive/2019/texmf-dist/tex/generic/pgf/systemlayer/
pgfsysprotocol.code.tex))
(/share/software/user/open/texlive/2019/texmf-dist/tex/latex/xcolor/xcolor.sty
(/share/software/user/open/texlive/2019/texmf-dist/tex/latex/graphics-cfg/color
.cfg))
(/share/software/user/open/texlive/2019/texmf-dist/tex/generic/pgf/basiclayer/p
gfcore.code.tex
(/share/software/user/open/texlive/2019/texmf-dist/tex/generic/pgf/math/pgfmath
.code.tex
(/share/software/user/open/texlive/2019/texmf-dist/tex/generic/pgf/math/pgfmath
calc.code.tex
(/share/software/user/open/texlive/2019/texmf-dist/tex/generic/pgf/math/pgfmath
util.code.tex)
(/share/software/user/open/texlive/2019/texmf-dist/tex/generic/pgf/math/pgfmath
parser.code.tex)
(/share/software/user/open/texlive/2019/texmf-dist/tex/generic/pgf/math/pgfmath
functions.code.tex
(/share/software/user/open/texlive/2019/texmf-dist/tex/generic/pgf/math/pgfmath
functions.basic.code.tex)
(/share/software/user/open/texlive/2019/texmf-dist/tex/generic/pgf/math/pgfmath
functions.trigonometric.code.tex)
(/share/software/user/open/texlive/2019/texmf-dist/tex/generic/pgf/math/pgfmath
functions.random.code.tex)
(/share/software/user/open/texlive/2019/texmf-dist/tex/generic/pgf/math/pgfmath
functions.comparison.code.tex)
(/share/software/user/open/texlive/2019/texmf-dist/tex/generic/pgf/math/pgfmath
functions.base.code.tex)
(/share/software/user/open/texlive/2019/texmf-dist/tex/generic/pgf/math/pgfmath
functions.round.code.tex)
(/share/software/user/open/texlive/2019/texmf-dist/tex/generic/pgf/math/pgfmath
functions.misc.code.tex)
(/share/software/user/open/texlive/2019/texmf-dist/tex/generic/pgf/math/pgfmath
functions.integerarithmetics.code.tex)))
(/share/software/user/open/texlive/2019/texmf-dist/tex/generic/pgf/math/pgfmath
float.code.tex))
(/share/software/user/open/texlive/2019/texmf-dist/tex/generic/pgf/math/pgfint.
code.tex)
(/share/software/user/open/texlive/2019/texmf-dist/tex/generic/pgf/basiclayer/p
gfcorepoints.code.tex)
(/share/software/user/open/texlive/2019/texmf-dist/tex/generic/pgf/basiclayer/p
gfcorepathconstruct.code.tex)
(/share/software/user/open/texlive/2019/texmf-dist/tex/generic/pgf/basiclayer/p
gfcorepathusage.code.tex)
(/share/software/user/open/texlive/2019/texmf-dist/tex/generic/pgf/basiclayer/p
gfcorescopes.code.tex)
(/share/software/user/open/texlive/2019/texmf-dist/tex/generic/pgf/basiclayer/p
gfcoregraphicstate.code.tex)
(/share/software/user/open/texlive/2019/texmf-dist/tex/generic/pgf/basiclayer/p
gfcoretransformations.code.tex)
(/share/software/user/open/texlive/2019/texmf-dist/tex/generic/pgf/basiclayer/p
gfcorequick.code.tex)
(/share/software/user/open/texlive/2019/texmf-dist/tex/generic/pgf/basiclayer/p
gfcoreobjects.code.tex)
(/share/software/user/open/texlive/2019/texmf-dist/tex/generic/pgf/basiclayer/p
gfcorepathprocessing.code.tex)
(/share/software/user/open/texlive/2019/texmf-dist/tex/generic/pgf/basiclayer/p
gfcorearrows.code.tex)
(/share/software/user/open/texlive/2019/texmf-dist/tex/generic/pgf/basiclayer/p
gfcoreshade.code.tex)
(/share/software/user/open/texlive/2019/texmf-dist/tex/generic/pgf/basiclayer/p
gfcoreimage.code.tex
(/share/software/user/open/texlive/2019/texmf-dist/tex/generic/pgf/basiclayer/p
gfcoreexternal.code.tex))
(/share/software/user/open/texlive/2019/texmf-dist/tex/generic/pgf/basiclayer/p
gfcorelayers.code.tex)
(/share/software/user/open/texlive/2019/texmf-dist/tex/generic/pgf/basiclayer/p
gfcoretransparency.code.tex)
(/share/software/user/open/texlive/2019/texmf-dist/tex/generic/pgf/basiclayer/p
gfcorepatterns.code.tex)
(/share/software/user/open/texlive/2019/texmf-dist/tex/generic/pgf/basiclayer/p
gfcorerdf.code.tex)))
(/share/software/user/open/texlive/2019/texmf-dist/tex/latex/pgf/utilities/xxco
lor.sty)
(/share/software/user/open/texlive/2019/texmf-dist/tex/generic/oberdiek/atbegsh
i.sty
(/share/software/user/open/texlive/2019/texmf-dist/tex/generic/oberdiek/infware
rr.sty)
(/share/software/user/open/texlive/2019/texmf-dist/tex/generic/oberdiek/ltxcmds
.sty))
(/share/software/user/open/texlive/2019/texmf-dist/tex/latex/hyperref/hyperref.
sty
(/share/software/user/open/texlive/2019/texmf-dist/tex/generic/oberdiek/hobsub-
hyperref.sty
(/share/software/user/open/texlive/2019/texmf-dist/tex/generic/oberdiek/hobsub-
generic.sty))
(/share/software/user/open/texlive/2019/texmf-dist/tex/latex/oberdiek/auxhook.s
ty)
(/share/software/user/open/texlive/2019/texmf-dist/tex/latex/oberdiek/kvoptions
.sty)
(/share/software/user/open/texlive/2019/texmf-dist/tex/latex/hyperref/pd1enc.de
f)
(/share/software/user/open/texlive/2019/texmf-dist/tex/latex/latexconfig/hyperr
ef.cfg)
(/share/software/user/open/texlive/2019/texmf-dist/tex/latex/url/url.sty)

Package hyperref Message: Stopped early.

)
(/share/software/user/open/texlive/2019/texmf-dist/tex/latex/hyperref/hpdftex.d
ef
(/share/software/user/open/texlive/2019/texmf-dist/tex/latex/oberdiek/rerunfile
check.sty))
(/share/software/user/open/texlive/2019/texmf-dist/tex/latex/beamer/beamerbaser
equires.sty
(/share/software/user/open/texlive/2019/texmf-dist/tex/latex/beamer/beamerbasec
ompatibility.sty)
(/share/software/user/open/texlive/2019/texmf-dist/tex/latex/beamer/beamerbasef
ont.sty
(/share/software/user/open/texlive/2019/texmf-dist/tex/latex/amsfonts/amssymb.s
ty
(/share/software/user/open/texlive/2019/texmf-dist/tex/latex/amsfonts/amsfonts.
sty))
(/share/software/user/open/texlive/2019/texmf-dist/tex/latex/sansmathaccent/san
smathaccent.sty
(/share/software/user/open/texlive/2019/texmf-dist/tex/latex/filehook/filehook.
sty)))
(/share/software/user/open/texlive/2019/texmf-dist/tex/latex/beamer/beamerbaset
ranslator.sty
(/share/software/user/open/texlive/2019/texmf-dist/tex/latex/translator/transla
tor.sty))
(/share/software/user/open/texlive/2019/texmf-dist/tex/latex/beamer/beamerbasem
isc.sty)
(/share/software/user/open/texlive/2019/texmf-dist/tex/latex/beamer/beamerbaset
woscreens.sty)
(/share/software/user/open/texlive/2019/texmf-dist/tex/latex/beamer/beamerbaseo
verlay.sty)
(/share/software/user/open/texlive/2019/texmf-dist/tex/latex/beamer/beamerbaset
itle.sty)
(/share/software/user/open/texlive/2019/texmf-dist/tex/latex/beamer/beamerbases
ection.sty)
(/share/software/user/open/texlive/2019/texmf-dist/tex/latex/beamer/beamerbasef
rame.sty)
(/share/software/user/open/texlive/2019/texmf-dist/tex/latex/beamer/beamerbasev
erbatim.sty)
(/share/software/user/open/texlive/2019/texmf-dist/tex/latex/beamer/beamerbasef
ramesize.sty)
(/share/software/user/open/texlive/2019/texmf-dist/tex/latex/beamer/beamerbasef
ramecomponents.sty)
(/share/software/user/open/texlive/2019/texmf-dist/tex/latex/beamer/beamerbasec
olor.sty)
(/share/software/user/open/texlive/2019/texmf-dist/tex/latex/beamer/beamerbasen
otes.sty)
(/share/software/user/open/texlive/2019/texmf-dist/tex/latex/beamer/beamerbaset
oc.sty)
(/share/software/user/open/texlive/2019/texmf-dist/tex/latex/beamer/beamerbaset
emplates.sty
(/share/software/user/open/texlive/2019/texmf-dist/tex/latex/beamer/beamerbasea
uxtemplates.sty
(/share/software/user/open/texlive/2019/texmf-dist/tex/latex/beamer/beamerbaseb
oxes.sty)))
(/share/software/user/open/texlive/2019/texmf-dist/tex/latex/beamer/beamerbasel
ocalstructure.sty
(/share/software/user/open/texlive/2019/texmf-dist/tex/latex/tools/enumerate.st
y))
(/share/software/user/open/texlive/2019/texmf-dist/tex/latex/beamer/beamerbasen
avigation.sty)
(/share/software/user/open/texlive/2019/texmf-dist/tex/latex/beamer/beamerbaset
heorems.sty
(/share/software/user/open/texlive/2019/texmf-dist/tex/latex/amsmath/amsmath.st
y
For additional information on amsmath, use the `?' option.

(/share/software/user/open/texlive/2019/texmf-dist/tex/latex/amsmath/amstext.st
y
(/share/software/user/open/texlive/2019/texmf-dist/tex/latex/amsmath/amsgen.sty
))
(/share/software/user/open/texlive/2019/texmf-dist/tex/latex/amsmath/amsbsy.sty
)
(/share/software/user/open/texlive/2019/texmf-dist/tex/latex/amsmath/amsopn.sty
))
(/share/software/user/open/texlive/2019/texmf-dist/tex/latex/amscls/amsthm.sty)
)
(/share/software/user/open/texlive/2019/texmf-dist/tex/latex/beamer/beamerbaset
hemes.sty))
(/share/software/user/open/texlive/2019/texmf-dist/tex/latex/beamer/beamertheme
default.sty
(/share/software/user/open/texlive/2019/texmf-dist/tex/latex/beamer/beamerfontt
hemedefault.sty)
(/share/software/user/open/texlive/2019/texmf-dist/tex/latex/beamer/beamercolor
themedefault.sty)
(/share/software/user/open/texlive/2019/texmf-dist/tex/latex/beamer/beamerinner
themedefault.sty)
(/share/software/user/open/texlive/2019/texmf-dist/tex/latex/beamer/beamerouter
themedefault.sty)))
(/share/software/user/open/texlive/2019/texmf-dist/tex/latex/psnfss/helvet.sty)
 (/share/software/user/open/texlive/2019/texmf-dist/tex/latex/base/fontenc.sty
(/share/software/user/open/texlive/2019/texmf-dist/tex/latex/base/t1enc.def))
(/share/software/user/open/texlive/2019/texmf-dist/tex/latex/base/inputenc.sty
(/share/software/user/open/texlive/2019/texmf-dist/tex/latex/base/latin9.def))
(./beamer_themes/beamerthememetropolis_gslab.sty

LaTeX Warning: You have requested package `beamer_themes/beamerthememetropolis_
gslab',
               but the package provides `beamerthememetropolis_gslab'.


(/share/software/user/open/texlive/2019/texmf-dist/tex/latex/pgfopts/pgfopts.st
y
(/share/software/user/open/texlive/2019/texmf-dist/tex/latex/pgf/utilities/pgfk
eys.sty
(/share/software/user/open/texlive/2019/texmf-dist/tex/generic/pgf/utilities/pg
fkeys.code.tex)))) (./beamer_themes/beamerinnerthememetropolis_gslab.sty

LaTeX Warning: You have requested package `beamer_themes/beamerinnerthememetrop
olis_gslab',
               but the package provides `beamerinnerthememetropolis_gslab'.

(/share/software/user/open/texlive/2019/texmf-dist/tex/latex/tools/calc.sty)
(/share/software/user/open/texlive/2019/texmf-dist/tex/latex/pgf/frontendlayer/
tikz.sty
(/share/software/user/open/texlive/2019/texmf-dist/tex/latex/pgf/basiclayer/pgf
.sty
(/share/software/user/open/texlive/2019/texmf-dist/tex/generic/pgf/modules/pgfm
oduleshapes.code.tex)
(/share/software/user/open/texlive/2019/texmf-dist/tex/generic/pgf/modules/pgfm
oduleplot.code.tex)
(/share/software/user/open/texlive/2019/texmf-dist/tex/latex/pgf/compatibility/
pgfcomp-version-0-65.sty)
(/share/software/user/open/texlive/2019/texmf-dist/tex/latex/pgf/compatibility/
pgfcomp-version-1-18.sty))
(/share/software/user/open/texlive/2019/texmf-dist/tex/latex/pgf/utilities/pgff
or.sty
(/share/software/user/open/texlive/2019/texmf-dist/tex/latex/pgf/math/pgfmath.s
ty
(/share/software/user/open/texlive/2019/texmf-dist/tex/generic/pgf/math/pgfmath
.code.tex))
(/share/software/user/open/texlive/2019/texmf-dist/tex/generic/pgf/utilities/pg
ffor.code.tex
(/share/software/user/open/texlive/2019/texmf-dist/tex/generic/pgf/math/pgfmath
.code.tex)))
(/share/software/user/open/texlive/2019/texmf-dist/tex/generic/pgf/frontendlaye
r/tikz/tikz.code.tex
(/share/software/user/open/texlive/2019/texmf-dist/tex/generic/pgf/libraries/pg
flibraryplothandlers.code.tex)
(/share/software/user/open/texlive/2019/texmf-dist/tex/generic/pgf/modules/pgfm
odulematrix.code.tex)
(/share/software/user/open/texlive/2019/texmf-dist/tex/generic/pgf/frontendlaye
r/tikz/libraries/tikzlibrarytopaths.code.tex))))
(./beamer_themes/beamerouterthememetropolis_gslab.sty

LaTeX Warning: You have requested package `beamer_themes/beamerouterthememetrop
olis_gslab',
               but the package provides `beamerouterthememetropolis_gslab'.

) (./beamer_themes/beamercolorthememetropolis_gslab.sty

LaTeX Warning: You have requested package `beamer_themes/beamercolorthememetrop
olis_gslab',
               but the package provides `beamercolorthememetropolis_gslab'.

) (./beamer_themes/beamerfontthememetropolis_gslab.sty

LaTeX Warning: You have requested package `beamer_themes/beamerfontthememetropo
lis_gslab',
               but the package provides `beamerfontthememetropolis_gslab'.


Package beamerthememetropolis Warning: You need to compile with XeLaTeX or LuaL
aTeX to use the Fira fonts on input line 95.

)
(/share/software/user/open/texlive/2019/texmf-dist/tex/latex/multirow/multirow.
sty)
(/share/software/user/open/texlive/2019/texmf-dist/tex/generic/babel/babel.sty
(/share/software/user/open/texlive/2019/texmf-dist/tex/generic/babel/switch.def
)
(/share/software/user/open/texlive/2019/texmf-dist/tex/generic/babel-english/en
glish.ldf
(/share/software/user/open/texlive/2019/texmf-dist/tex/generic/babel/babel.def
(/share/software/user/open/texlive/2019/texmf-dist/tex/generic/babel/txtbabel.d
ef))))
No file slides.aux.
(/share/software/user/open/texlive/2019/texmf-dist/tex/latex/psnfss/t1phv.fd)
*geometry* driver: auto-detecting
*geometry* detected driver: pdftex

(/share/software/user/open/texlive/2019/texmf-dist/tex/context/base/mkii/supp-p
df.mkii
[Loading MPS to PDF converter (version 2006.09.02).]
)
(/share/software/user/open/texlive/2019/texmf-dist/tex/latex/oberdiek/epstopdf-
base.sty
(/share/software/user/open/texlive/2019/texmf-dist/tex/latex/oberdiek/grfext.st
y)
(/share/software/user/open/texlive/2019/texmf-dist/tex/latex/latexconfig/epstop
df-sys.cfg)) ABD: EveryShipout initializing macros
(/share/software/user/open/texlive/2019/texmf-dist/tex/latex/hyperref/nameref.s
ty
(/share/software/user/open/texlive/2019/texmf-dist/tex/generic/oberdiek/gettitl
estring.sty))
(/share/software/user/open/texlive/2019/texmf-dist/tex/latex/translator/transla
tor-basic-dictionary-English.dict)
(/share/software/user/open/texlive/2019/texmf-dist/tex/latex/translator/transla
tor-bibliography-dictionary-English.dict)
(/share/software/user/open/texlive/2019/texmf-dist/tex/latex/translator/transla
tor-environment-dictionary-English.dict)
(/share/software/user/open/texlive/2019/texmf-dist/tex/latex/translator/transla
tor-months-dictionary-English.dict)
(/share/software/user/open/texlive/2019/texmf-dist/tex/latex/translator/transla
tor-numbers-dictionary-English.dict)
(/share/software/user/open/texlive/2019/texmf-dist/tex/latex/translator/transla
tor-theorem-dictionary-English.dict)
No file slides.nav.

Package hyperref Warning: Option `pdfauthor' has already been used,
(hyperref)                setting the option has no effect on input line 56.


Overfull \vbox (24.29047pt too high) detected at line 58
[1{/share/software/user/open/texlive/2019/texmf-var/fonts/map/pdftex/updmap/pdf
tex.map}]
(/share/software/user/open/texlive/2019/texmf-dist/tex/latex/psnfss/omsphv.fd)
[2] [3]
(/share/software/user/open/texlive/2019/texmf-dist/tex/latex/amsfonts/umsa.fd)
(/share/software/user/open/texlive/2019/texmf-dist/tex/latex/amsfonts/umsb.fd)
[4] [5] [6] [7 <../input/chips_sold.pdf>] [8] [9]

Package beamerthememetropolis Warning: The syntax `\plain' may be deprecated in
 a future version of Metropolis. Please use a frame with [standout] instead.  o
n input line 107.

[10] (../latex_auxiliary_dir/slides.aux) )
(see the transcript file for additional information){/share/software/user/open/
texlive/2019/texmf-dist/fonts/enc/dvips/base/8r.enc}</share/software/user/open/
texlive/2019/texmf-dist/fonts/type1/public/amsfonts/cm/cmsy10.pfb></share/softw
are/user/open/texlive/2019/texmf-dist/fonts/type1/urw/helvetic/uhvb8a.pfb></sha
re/software/user/open/texlive/2019/texmf-dist/fonts/type1/urw/helvetic/uhvr8a.p
fb>
Output written on ../latex_auxiliary_dir/slides.pdf (10 pages, 36134 bytes).
Transcript written on ../latex_auxiliary_dir/slides.log.

Output logs successfully written!
--------------------------------------------------------------------------------
Makelog ended: 2024-09-09 15:52:01
Working directory: /oak/stanford/groups/gentzkow/lucaml/template/paper_slides
--------------------------------------------------------------------------------
