--------------------------------------------------------------------------------
Versions log started: 2024-09-06 17:52:06
--------------------------------------------------------------------------------
# packages in environment at C:\Users\lucam\miniconda3\envs\template:
#
# Name                    Version                   Build  Channel
anyio                     4.4.0              pyhd8ed1ab_0    conda-forge
argon2-cffi               23.1.0             pyhd8ed1ab_0    conda-forge
argon2-cffi-bindings      21.2.0          py312h4389bb4_5    conda-forge
arrow                     1.3.0              pyhd8ed1ab_0    conda-forge
astor                     0.8.1              pyh9f0ad1d_0    conda-forge
asttokens                 2.4.1              pyhd8ed1ab_0    conda-forge
async-lru                 2.0.4              pyhd8ed1ab_0    conda-forge
attrs                     24.2.0             pyh71513ae_0    conda-forge
babel                     2.14.0             pyhd8ed1ab_0    conda-forge
beautifulsoup4            4.12.3             pyha770c72_0    conda-forge
bleach                    6.1.0              pyhd8ed1ab_0    conda-forge
brotli                    1.1.0                h2466b09_2    conda-forge
brotli-bin                1.1.0                h2466b09_2    conda-forge
brotli-python             1.1.0           py312h275cf98_2    conda-forge
bzip2                     1.0.8                h2466b09_7    conda-forge
ca-certificates           2024.8.30            h56e8100_0    conda-forge
cached-property           1.5.2                hd8ed1ab_1    conda-forge
cached_property           1.5.2              pyha770c72_1    conda-forge
cairo                     1.18.0               h32b962e_3    conda-forge
certifi                   2024.8.30          pyhd8ed1ab_0    conda-forge
cffi                      1.17.0          py312h4389bb4_1    conda-forge
charset-normalizer        3.3.2              pyhd8ed1ab_0    conda-forge
colorama                  0.4.6              pyhd8ed1ab_0    conda-forge
comm                      0.2.2              pyhd8ed1ab_0    conda-forge
contourpy                 1.3.0           py312hd5eb7cc_1    conda-forge
cycler                    0.12.1             pyhd8ed1ab_0    conda-forge
debugpy                   1.8.5           py312h275cf98_1    conda-forge
decorator                 5.1.1              pyhd8ed1ab_0    conda-forge
defusedxml                0.7.1              pyhd8ed1ab_0    conda-forge
double-conversion         3.3.0                h63175ca_0    conda-forge
entrypoints               0.4                pyhd8ed1ab_0    conda-forge
exceptiongroup            1.2.2              pyhd8ed1ab_0    conda-forge
executing                 2.1.0              pyhd8ed1ab_0    conda-forge
expat                     2.6.2                h63175ca_0    conda-forge
font-ttf-dejavu-sans-mono 2.37                 hab24e00_0    conda-forge
font-ttf-inconsolata      3.000                h77eed37_0    conda-forge
font-ttf-source-code-pro  2.038                h77eed37_0    conda-forge
font-ttf-ubuntu           0.83                 h77eed37_2    conda-forge
fontconfig                2.14.2               hbde0cde_0    conda-forge
fonts-conda-ecosystem     1                             0    conda-forge
fonts-conda-forge         1                             0    conda-forge
fonttools                 4.53.1          py312h4389bb4_1    conda-forge
formulaic                 1.0.2              pyhd8ed1ab_0    conda-forge
fqdn                      1.5.1              pyhd8ed1ab_0    conda-forge
freetype                  2.12.1               hdaf720e_2    conda-forge
gitdb                     4.0.11             pyhd8ed1ab_0    conda-forge
gitpython                 3.1.43             pyhd8ed1ab_0    conda-forge
graphite2                 1.3.13            h63175ca_1003    conda-forge
graphlib-backport         1.0.3              pyhd8ed1ab_0    conda-forge
h11                       0.14.0             pyhd8ed1ab_0    conda-forge
h2                        4.1.0              pyhd8ed1ab_0    conda-forge
harfbuzz                  9.0.0                h2bedf89_1    conda-forge
hpack                     4.0.0              pyh9f0ad1d_0    conda-forge
httpcore                  1.0.5              pyhd8ed1ab_0    conda-forge
httpx                     0.27.2             pyhd8ed1ab_0    conda-forge
hyperframe                6.0.1              pyhd8ed1ab_0    conda-forge
icu                       75.1                 he0c23c2_0    conda-forge
idna                      3.8                pyhd8ed1ab_0    conda-forge
importlib-metadata        8.4.0              pyha770c72_0    conda-forge
importlib_metadata        8.4.0                hd8ed1ab_0    conda-forge
importlib_resources       6.4.4              pyhd8ed1ab_0    conda-forge
intel-openmp              2024.2.1          h57928b3_1083    conda-forge
interface_meta            1.3.0              pyhd8ed1ab_0    conda-forge
ipykernel                 6.29.5             pyh4bbf305_0    conda-forge
ipython                   8.27.0             pyh7428d3b_0    conda-forge
ipywidgets                8.1.5              pyhd8ed1ab_0    conda-forge
isoduration               20.11.0            pyhd8ed1ab_0    conda-forge
jedi                      0.19.1             pyhd8ed1ab_0    conda-forge
jinja2                    3.1.4              pyhd8ed1ab_0    conda-forge
json5                     0.9.25             pyhd8ed1ab_0    conda-forge
jsonpointer               3.0.0           py312h2e8e312_1    conda-forge
jsonschema                4.23.0             pyhd8ed1ab_0    conda-forge
jsonschema-specifications 2023.12.1          pyhd8ed1ab_0    conda-forge
jsonschema-with-format-nongpl 4.23.0               hd8ed1ab_0    conda-forge
jupyter                   1.1.1              pyhd8ed1ab_0    conda-forge
jupyter-lsp               2.2.5              pyhd8ed1ab_0    conda-forge
jupyter_client            8.6.2              pyhd8ed1ab_0    conda-forge
jupyter_console           6.6.3              pyhd8ed1ab_0    conda-forge
jupyter_core              5.7.2           py312h2e8e312_0    conda-forge
jupyter_events            0.10.0             pyhd8ed1ab_0    conda-forge
jupyter_server            2.14.2             pyhd8ed1ab_0    conda-forge
jupyter_server_terminals  0.5.3              pyhd8ed1ab_0    conda-forge
jupyterlab                4.2.5              pyhd8ed1ab_0    conda-forge
jupyterlab_pygments       0.3.0              pyhd8ed1ab_1    conda-forge
jupyterlab_server         2.27.3             pyhd8ed1ab_0    conda-forge
jupyterlab_widgets        3.0.13             pyhd8ed1ab_0    conda-forge
kiwisolver                1.4.7           py312hd5eb7cc_0    conda-forge
krb5                      1.21.3               hdf4eb48_0    conda-forge
lcms2                     2.16                 h67d730c_0    conda-forge
lerc                      4.0.0                h63175ca_0    conda-forge
libblas                   3.9.0              23_win64_mkl    conda-forge
libbrotlicommon           1.1.0                h2466b09_2    conda-forge
libbrotlidec              1.1.0                h2466b09_2    conda-forge
libbrotlienc              1.1.0                h2466b09_2    conda-forge
libcblas                  3.9.0              23_win64_mkl    conda-forge
libclang13                18.1.8          default_ha5278ca_4    conda-forge
libdeflate                1.21                 h2466b09_0    conda-forge
libexpat                  2.6.2                h63175ca_0    conda-forge
libffi                    3.4.2                h8ffe710_5    conda-forge
libglib                   2.80.3               h7025463_2    conda-forge
libhwloc                  2.11.1          default_h8125262_1000    conda-forge
libiconv                  1.17                 hcfcfb64_2    conda-forge
libintl                   0.22.5               h5728263_3    conda-forge
libjpeg-turbo             3.0.0                hcfcfb64_1    conda-forge
liblapack                 3.9.0              23_win64_mkl    conda-forge
libpng                    1.6.43               h19919ed_0    conda-forge
libsodium                 1.0.20               hc70643c_0    conda-forge
libsqlite                 3.46.1               h2466b09_0    conda-forge
libtiff                   4.6.0                hb151862_4    conda-forge
libwebp-base              1.4.0                hcfcfb64_0    conda-forge
libxcb                    1.16                 h013a479_1    conda-forge
libxml2                   2.12.7               h0f24e4e_4    conda-forge
libxslt                   1.1.39               h3df6e99_0    conda-forge
libzlib                   1.3.1                h2466b09_1    conda-forge
linearmodels              6.0             py312h1a27103_1    conda-forge
m2w64-gcc-libgfortran     5.3.0                         6    conda-forge
m2w64-gcc-libs            5.3.0                         7    conda-forge
m2w64-gcc-libs-core       5.3.0                         7    conda-forge
m2w64-gmp                 6.1.0                         2    conda-forge
m2w64-libwinpthread-git   5.0.0.4634.697f757               2    conda-forge
markupsafe                2.1.5           py312h4389bb4_1    conda-forge
matplotlib                3.9.2           py312h2e8e312_0    conda-forge
matplotlib-base           3.9.2           py312h90004f6_0    conda-forge
matplotlib-inline         0.1.7              pyhd8ed1ab_0    conda-forge
mistune                   3.0.2              pyhd8ed1ab_0    conda-forge
mkl                       2024.1.0           h66d3029_694    conda-forge
msys2-conda-epoch         20160418                      1    conda-forge
munkres                   1.1.4              pyh9f0ad1d_0    conda-forge
mypy_extensions           1.0.0              pyha770c72_0    conda-forge
nbclient                  0.10.0             pyhd8ed1ab_0    conda-forge
nbconvert-core            7.16.4             pyhd8ed1ab_1    conda-forge
nbformat                  5.10.4             pyhd8ed1ab_0    conda-forge
nest-asyncio              1.6.0              pyhd8ed1ab_0    conda-forge
notebook                  7.2.2              pyhd8ed1ab_0    conda-forge
notebook-shim             0.2.4              pyhd8ed1ab_0    conda-forge
numpy                     2.1.1           py312h49bc9c5_0    conda-forge
openjpeg                  2.5.2                h3d672ee_0    conda-forge
openssl                   3.3.2                h2466b09_0    conda-forge
overrides                 7.7.0              pyhd8ed1ab_0    conda-forge
packaging                 24.1               pyhd8ed1ab_0    conda-forge
pandas                    2.2.2           py312h72972c8_1    conda-forge
pandocfilters             1.5.0              pyhd8ed1ab_0    conda-forge
parso                     0.8.4              pyhd8ed1ab_0    conda-forge
patsy                     0.5.6              pyhd8ed1ab_0    conda-forge
pcre2                     10.44                h3d7b363_2    conda-forge
pickleshare               0.7.5                   py_1003    conda-forge
pillow                    10.4.0          py312h381445a_0    conda-forge
pip                       24.2               pyh8b19718_1    conda-forge
pixman                    0.43.4               h63175ca_0    conda-forge
pkgutil-resolve-name      1.3.10             pyhd8ed1ab_1    conda-forge
platformdirs              4.2.2              pyhd8ed1ab_0    conda-forge
prometheus_client         0.20.0             pyhd8ed1ab_0    conda-forge
prompt-toolkit            3.0.47             pyha770c72_0    conda-forge
prompt_toolkit            3.0.47               hd8ed1ab_0    conda-forge
psutil                    6.0.0           py312h4389bb4_0    conda-forge
pthread-stubs             0.4               hcd874cb_1001    conda-forge
pthreads-win32            2.9.1                hfa6e2cd_3    conda-forge
pure_eval                 0.2.3              pyhd8ed1ab_0    conda-forge
pycparser                 2.22               pyhd8ed1ab_0    conda-forge
pygments                  2.18.0             pyhd8ed1ab_0    conda-forge
pyhdfe                    0.2.0              pyhd8ed1ab_0    conda-forge
pyparsing                 3.1.4              pyhd8ed1ab_0    conda-forge
pyside6                   6.7.2           py312h2ee7485_2    conda-forge
pysocks                   1.7.1              pyh0701188_6    conda-forge
python                    3.12.5          h889d299_0_cpython    conda-forge
python-dateutil           2.9.0              pyhd8ed1ab_0    conda-forge
python-fastjsonschema     2.20.0             pyhd8ed1ab_0    conda-forge
python-json-logger        2.0.7              pyhd8ed1ab_0    conda-forge
python-tzdata             2024.1             pyhd8ed1ab_0    conda-forge
python_abi                3.12                    5_cp312    conda-forge
pytz                      2024.1             pyhd8ed1ab_0    conda-forge
pywin32                   306             py312h53d5487_2    conda-forge
pywinpty                  2.0.13          py312h275cf98_1    conda-forge
pyyaml                    6.0.2           py312h4389bb4_1    conda-forge
pyzmq                     26.2.0          py312hd7027bb_2    conda-forge
qhull                     2020.2               hc790b64_5    conda-forge
qt6-main                  6.7.2                hbb46ec1_5    conda-forge
referencing               0.35.1             pyhd8ed1ab_0    conda-forge
requests                  2.32.3             pyhd8ed1ab_0    conda-forge
rfc3339-validator         0.1.4              pyhd8ed1ab_0    conda-forge
rfc3986-validator         0.1.1              pyh9f0ad1d_0    conda-forge
rpds-py                   0.20.0          py312h2615798_1    conda-forge
scipy                     1.14.1          py312h1f4e10d_0    conda-forge
send2trash                1.8.3              pyh5737063_0    conda-forge
setuptools                73.0.1             pyhd8ed1ab_0    conda-forge
six                       1.16.0             pyh6c4a22f_0    conda-forge
smmap                     5.0.0              pyhd8ed1ab_0    conda-forge
sniffio                   1.3.1              pyhd8ed1ab_0    conda-forge
soupsieve                 2.5                pyhd8ed1ab_1    conda-forge
stack_data                0.6.2              pyhd8ed1ab_0    conda-forge
statsmodels               0.14.2          py312h1a27103_0    conda-forge
tbb                       2021.13.0            hc790b64_0    conda-forge
termcolor                 2.4.0              pyhd8ed1ab_0    conda-forge
terminado                 0.18.1             pyh5737063_0    conda-forge
tinycss2                  1.3.0              pyhd8ed1ab_0    conda-forge
tk                        8.6.13               h5226925_1    conda-forge
tomli                     2.0.1              pyhd8ed1ab_0    conda-forge
tornado                   6.4.1           py312h4389bb4_1    conda-forge
traitlets                 5.14.3             pyhd8ed1ab_0    conda-forge
types-python-dateutil     2.9.0.20240821     pyhd8ed1ab_0    conda-forge
typing-extensions         4.12.2               hd8ed1ab_0    conda-forge
typing_extensions         4.12.2             pyha770c72_0    conda-forge
typing_utils              0.1.0              pyhd8ed1ab_0    conda-forge
tzdata                    2024a                h8827d51_1    conda-forge
ucrt                      10.0.22621.0         h57928b3_0    conda-forge
uri-template              1.3.0              pyhd8ed1ab_0    conda-forge
urllib3                   2.2.2              pyhd8ed1ab_1    conda-forge
vc                        14.3                h8a93ad2_20    conda-forge
vc14_runtime              14.40.33810         hcc2c482_20    conda-forge
vs2015_runtime            14.40.33810         h3bf8584_20    conda-forge
wcwidth                   0.2.13             pyhd8ed1ab_0    conda-forge
webcolors                 24.8.0             pyhd8ed1ab_0    conda-forge
webencodings              0.5.1              pyhd8ed1ab_2    conda-forge
websocket-client          1.8.0              pyhd8ed1ab_0    conda-forge
wheel                     0.44.0             pyhd8ed1ab_0    conda-forge
widgetsnbextension        4.0.13             pyhd8ed1ab_0    conda-forge
win_inet_pton             1.1.0              pyhd8ed1ab_6    conda-forge
winpty                    0.4.3                         4    conda-forge
wrapt                     1.16.0          py312h4389bb4_1    conda-forge
xorg-libxau               1.0.11               hcd874cb_0    conda-forge
xorg-libxdmcp             1.1.3                hcd874cb_0    conda-forge
xz                        5.2.6                h8d14728_0    conda-forge
yaml                      0.2.5                h8ffe710_2    conda-forge
zeromq                    4.3.5                he1f189c_5    conda-forge
zipp                      3.20.1             pyhd8ed1ab_0    conda-forge
zlib                      1.3.1                h2466b09_1    conda-forge
zstandard                 0.23.0          py312h7606c53_1    conda-forge
zstd                      1.5.6                h0ea2cb4_0    conda-forge

