file name | last modified | file size
/oak/stanford/groups/gentzkow/lucaml/template/lib/gslab_make/sphinx/build/html/_static/fonts/Lato/lato-italic.eot | 2024-09-09 18:30:15 | 268604
/oak/stanford/groups/gentzkow/lucaml/template/lib/gslab_make/build/lib/gslab_make/private/__init__.py | 2024-09-09 18:30:14 | 0
/oak/stanford/groups/gentzkow/lucaml/template/lib/gslab_make/sphinx/source/pages/api/move_sources/gslab_make.move_sources.copy_externals.rst | 2024-09-09 18:30:16 | 108
/oak/stanford/groups/gentzkow/lucaml/template/lib/gslab_make/test/raw/config/config_user_bad_executables.yaml | 2024-09-09 18:30:16 | 249
/oak/stanford/groups/gentzkow/lucaml/template/lib/gslab_make/docs/_static/fonts/Lato/lato-bold.woff | 2024-09-09 18:30:14 | 309728
/oak/stanford/groups/gentzkow/lucaml/template/lib/gslab_make/sphinx/build/doctrees/pages/api/modify_dir/gslab_make.modify_dir.remove_dir.doctree | 2024-09-09 18:30:15 | 10087
/oak/stanford/groups/gentzkow/lucaml/template/lib/gslab_make/docs/_sources/pages/api/move_sources/gslab_make.move_sources.copy_inputs.rst.txt | 2024-09-09 18:30:14 | 99
/oak/stanford/groups/gentzkow/lucaml/template/lib/gslab_make/test/WIP_test_latex.py | 2024-09-09 18:30:16 | 2298
/oak/stanford/groups/gentzkow/lucaml/template/lib/gslab_make/test/raw/run_program/lyx_file_comments_comments.lyx.bak | 2024-09-09 18:30:16 | 1694
/oak/stanford/groups/gentzkow/lucaml/template/lib/gslab_make/sphinx/build/html/_static/css/fonts/lato-normal-italic.woff2 | 2024-09-09 18:30:15 | 195704
/oak/stanford/groups/gentzkow/lucaml/template/lib/gslab_make/docs/_sources/pages/api/check_repo/gslab_make.check_repo.get_modified_sources.rst.txt | 2024-09-09 18:30:14 | 124
/oak/stanford/groups/gentzkow/lucaml/template/lib/gslab_make/sphinx/build/doctrees/pages/api/move_sources/gslab_make.move_sources.link_inputs.doctree | 2024-09-09 18:30:15 | 19628
/oak/stanford/groups/gentzkow/lucaml/template/lib/gslab_make/build/lib/test/test_log_outputs.py | 2024-09-09 18:30:14 | 5111
/oak/stanford/groups/gentzkow/lucaml/template/lib/gslab_make/build/lib/gslab_make/check_repo.py | 2024-09-09 18:30:14 | 14471
/oak/stanford/groups/gentzkow/lucaml/template/lib/gslab_make/test/raw/move_sources/move_missing.txt | 2024-09-09 18:30:16 | 80
/oak/stanford/groups/gentzkow/lucaml/template/lib/gslab_make/sphinx/build/doctrees/pages/utility.doctree | 2024-09-09 18:30:15 | 26708
/oak/stanford/groups/gentzkow/lucaml/template/lib/gslab_make/sphinx/build/html/_static/fonts/RobotoSlab-Bold.ttf | 2024-09-09 18:30:15 | 170616
/oak/stanford/groups/gentzkow/lucaml/template/lib/gslab_make/sphinx/build/html/pages/api/write_logs/gslab_make.write_logs.start_makelog.html | 2024-09-09 18:30:16 | 7982
/oak/stanford/groups/gentzkow/lucaml/template/lib/gslab_make/test/raw/tablefill/tablefill_duplicated.txt | 2024-09-09 18:30:16 | 66
/oak/stanford/groups/gentzkow/lucaml/template/lib/gslab_make/sphinx/source/pages/api/write_source_logs/gslab_make.write_source_logs.write_source_logs.rst | 2024-09-09 18:30:16 | 122
/oak/stanford/groups/gentzkow/lucaml/template/lib/gslab_make/docs/_static/css/fonts/Roboto-Slab-Bold.woff2 | 2024-09-09 18:30:14 | 67312
/oak/stanford/groups/gentzkow/lucaml/template/lib/gslab_make/sphinx/build/html/_sources/pages/api/make_utility/gslab_make.make_utility.update_external_paths.rst.txt | 2024-09-09 18:30:15 | 129
/oak/stanford/groups/gentzkow/lucaml/template/lib/gslab_make/docs/_sources/pages/api/move_sources/gslab_make.move_sources.copy_externals.rst.txt | 2024-09-09 18:30:14 | 108
/oak/stanford/groups/gentzkow/lucaml/template/lib/gslab_make/gslab_make/textfill.py | 2024-09-09 18:30:15 | 5952
/oak/stanford/groups/gentzkow/lucaml/template/lib/gslab_make/docs/pages/specifying_paths.html | 2024-09-09 18:30:14 | 12156
/oak/stanford/groups/gentzkow/lucaml/template/lib/gslab_make/sphinx/build/html/_static/css/fonts/lato-normal.woff | 2024-09-09 18:30:15 | 309192
/oak/stanford/groups/gentzkow/lucaml/template/lib/gslab_make/sphinx/build/html/searchindex.js | 2024-09-09 18:30:16 | 33853
/oak/stanford/groups/gentzkow/lucaml/template/lib/gslab_make/test/raw/config/config_user.yaml | 2024-09-09 18:30:16 | 236
/oak/stanford/groups/gentzkow/lucaml/template/lib/gslab_make/test/raw/tablefill/tablefill_template.tex | 2024-09-09 18:30:16 | 942
/oak/stanford/groups/gentzkow/lucaml/template/lib/gslab_make/docs/_sources/pages/api/check_repo/gslab_make.check_repo.check_conda_status.rst.txt | 2024-09-09 18:30:14 | 118
/oak/stanford/groups/gentzkow/lucaml/template/lib/gslab_make/sphinx/source/pages/directory.rst | 2024-09-09 18:30:16 | 344
/oak/stanford/groups/gentzkow/lucaml/template/lib/gslab_make/docs/_static/fonts/RobotoSlab/roboto-slab-v7-bold.woff | 2024-09-09 18:30:14 | 87624
/oak/stanford/groups/gentzkow/lucaml/template/lib/gslab_make/sphinx/source/index.rst | 2024-09-09 18:30:16 | 1039
/oak/stanford/groups/gentzkow/lucaml/template/lib/gslab_make/docs/_sources/pages/api/run_program/gslab_make.run_program.run_python.rst.txt | 2024-09-09 18:30:14 | 95
/oak/stanford/groups/gentzkow/lucaml/template/lib/gslab_make/sphinx/build/html/_static/css/fonts/lato-bold-italic.woff2 | 2024-09-09 18:30:15 | 193308
/oak/stanford/groups/gentzkow/lucaml/template/lib/gslab_make/sphinx/build/html/_sources/pages/api/write_source_logs/gslab_make.write_source_logs.write_source_logs.rst.txt | 2024-09-09 18:30:15 | 122
/oak/stanford/groups/gentzkow/lucaml/template/lib/gslab_make/test/raw/run_program/lyx_file_comments.lyx | 2024-09-09 18:30:16 | 1694
/oak/stanford/groups/gentzkow/lucaml/template/lib/gslab_make/sphinx/build/doctrees/pages/api/run_program/gslab_make.run_program.run_stata.doctree | 2024-09-09 18:30:15 | 18257
/oak/stanford/groups/gentzkow/lucaml/template/lib/gslab_make/sphinx/build/html/pages/api/run_program/gslab_make.run_program.run_jupyter.html | 2024-09-09 18:30:16 | 11104
/oak/stanford/groups/gentzkow/lucaml/template/lib/gslab_make/sphinx/build/html/_sources/pages/api/write_logs/gslab_make.write_logs.write_to_makelog.rst.txt | 2024-09-09 18:30:15 | 112
/oak/stanford/groups/gentzkow/lucaml/template/lib/gslab_make/test/raw/run_program/perl_script.pl | 2024-09-09 18:30:16 | 208
/oak/stanford/groups/gentzkow/lucaml/template/lib/gslab_make/docs/_static/pygments.css | 2024-09-09 18:30:14 | 4902
/oak/stanford/groups/gentzkow/lucaml/template/lib/gslab_make/test/raw/run_program/matlab_script.m | 2024-09-09 18:30:16 | 84
/oak/stanford/groups/gentzkow/lucaml/template/lib/gslab_make/sphinx/build/html/_static/plus.png | 2024-09-09 18:30:16 | 90
/oak/stanford/groups/gentzkow/lucaml/template/lib/gslab_make/gslab_make/move_sources.py | 2024-09-09 18:30:15 | 19397
/oak/stanford/groups/gentzkow/lucaml/template/lib/gslab_make/test/raw/config/config_user_bad.yaml | 2024-09-09 18:30:16 | 131
/oak/stanford/groups/gentzkow/lucaml/template/lib/gslab_make/gslab_make/private/utility.py | 2024-09-09 18:30:15 | 8202
/oak/stanford/groups/gentzkow/lucaml/template/lib/gslab_make/test/test_makelog.py | 2024-09-09 18:30:16 | 2308
/oak/stanford/groups/gentzkow/lucaml/template/lib/gslab_make/sphinx/build/doctrees/pages/api/check_repo/gslab_make.check_repo.get_modified_sources.doctree | 2024-09-09 18:30:15 | 11834
/oak/stanford/groups/gentzkow/lucaml/template/lib/gslab_make/test/raw/move_sources/file.txt | 2024-09-09 18:30:16 | 0
/oak/stanford/groups/gentzkow/lucaml/template/lib/gslab_make/sphinx/build/html/pages/api/run_program/gslab_make.run_program.run_r.html | 2024-09-09 18:30:16 | 11514
/oak/stanford/groups/gentzkow/lucaml/template/lib/gslab_make/sphinx/build/html/_sources/pages/api/tablefill/gslab_make.tablefill.tablefill.rst.txt | 2024-09-09 18:30:15 | 90
/oak/stanford/groups/gentzkow/lucaml/template/lib/gslab_make/sphinx/build/html/_static/fonts/fontawesome-webfont.ttf | 2024-09-09 18:30:15 | 165548
/oak/stanford/groups/gentzkow/lucaml/template/lib/gslab_make/sphinx/build/html/_static/js/theme.js | 2024-09-09 18:30:16 | 5023
/oak/stanford/groups/gentzkow/lucaml/template/lib/gslab_make/sphinx/source/pages/api/tablefill/gslab_make.tablefill.tablefill.rst | 2024-09-09 18:30:16 | 90
/oak/stanford/groups/gentzkow/lucaml/template/lib/gslab_make/docs/pages/utility.html | 2024-09-09 18:30:14 | 12444
/oak/stanford/groups/gentzkow/lucaml/template/lib/gslab_make/sphinx/build/html/_sources/pages/specifying_paths.rst.txt | 2024-09-09 18:30:15 | 2616
/oak/stanford/groups/gentzkow/lucaml/template/lib/gslab_make/docs/pages/api/move_sources/gslab_make.move_sources.copy_externals.html | 2024-09-09 18:30:14 | 13228
/oak/stanford/groups/gentzkow/lucaml/template/lib/gslab_make/build/lib/gslab_make/write_version_logs.py | 2024-09-09 18:30:14 | 2610
/oak/stanford/groups/gentzkow/lucaml/template/lib/gslab_make/LICENSE.txt | 2024-09-09 18:30:14 | 1083
/oak/stanford/groups/gentzkow/lucaml/template/lib/gslab_make/build/lib/gslab_make/private/exceptionclasses.py | 2024-09-09 18:30:14 | 943
/oak/stanford/groups/gentzkow/lucaml/template/lib/gslab_make/sphinx/source/pages/utility.rst | 2024-09-09 18:30:16 | 327
/oak/stanford/groups/gentzkow/lucaml/template/lib/gslab_make/docs/_sources/pages/api/make_utility/gslab_make.make_utility.update_internal_paths.rst.txt | 2024-09-09 18:30:14 | 129
/oak/stanford/groups/gentzkow/lucaml/template/lib/gslab_make/sphinx/source/pages/filling.rst | 2024-09-09 18:30:16 | 253
/oak/stanford/groups/gentzkow/lucaml/template/lib/gslab_make/docs/_static/documentation_options.js | 2024-09-09 18:30:14 | 420
/oak/stanford/groups/gentzkow/lucaml/template/lib/gslab_make/sphinx/build/doctrees/pages/api/run_program/gslab_make.run_program.run_sas.doctree | 2024-09-09 18:30:15 | 19352
/oak/stanford/groups/gentzkow/lucaml/template/lib/gslab_make/docs/_static/css/fonts/fontawesome-webfont.eot | 2024-09-09 18:30:14 | 165742
/oak/stanford/groups/gentzkow/lucaml/template/lib/gslab_make/build/lib/test/test_move_sources.py | 2024-09-09 18:30:14 | 7262
/oak/stanford/groups/gentzkow/lucaml/template/lib/gslab_make/test/raw/run_program/latex_file.tex | 2024-09-09 18:30:16 | 276
/oak/stanford/groups/gentzkow/lucaml/template/lib/gslab_make/sphinx/build/html/pages/api/make_utility/gslab_make.make_utility.update_executables.html | 2024-09-09 18:30:16 | 8548
/oak/stanford/groups/gentzkow/lucaml/template/lib/gslab_make/sphinx/build/html/pages/api/move_sources/gslab_make.move_sources.copy_inputs.html | 2024-09-09 18:30:16 | 13232
/oak/stanford/groups/gentzkow/lucaml/template/lib/gslab_make/sphinx/build/html/_sources/pages/api/run_program/gslab_make.run_program.run_latex.rst.txt | 2024-09-09 18:30:15 | 92
/oak/stanford/groups/gentzkow/lucaml/template/lib/gslab_make/sphinx/source/pages/api/move_sources/gslab_make.move_sources.link_inputs.rst | 2024-09-09 18:30:16 | 99
/oak/stanford/groups/gentzkow/lucaml/template/lib/gslab_make/build/lib/gslab_make/private/utility.py | 2024-09-09 18:30:14 | 8202
/oak/stanford/groups/gentzkow/lucaml/template/lib/gslab_make/sphinx/build/html/pages/api/move_sources/gslab_make.move_sources.link_externals.html | 2024-09-09 18:30:16 | 13451
/oak/stanford/groups/gentzkow/lucaml/template/lib/gslab_make/sphinx/build/html/_sources/pages/utility.rst.txt | 2024-09-09 18:30:15 | 327
/oak/stanford/groups/gentzkow/lucaml/template/lib/gslab_make/sphinx/build/doctrees/pages/api/run_program/gslab_make.run_program.run_r.doctree | 2024-09-09 18:30:15 | 17341
/oak/stanford/groups/gentzkow/lucaml/template/lib/gslab_make/sphinx/source/pages/api/run_program/gslab_make.run_program.run_lyx.rst | 2024-09-09 18:30:16 | 86
/oak/stanford/groups/gentzkow/lucaml/template/lib/gslab_make/sphinx/source/pages/api/make_utility/gslab_make.make_utility.update_paths.rst | 2024-09-09 18:30:16 | 102
/oak/stanford/groups/gentzkow/lucaml/template/lib/gslab_make/test/test_tablefill.py | 2024-09-09 18:30:16 | 4244
/oak/stanford/groups/gentzkow/lucaml/template/lib/gslab_make/sphinx/build/html/_static/language_data.js | 2024-09-09 18:30:16 | 4758
/oak/stanford/groups/gentzkow/lucaml/template/lib/gslab_make/docs/_static/css/badge_only.css | 2024-09-09 18:30:14 | 3229
/oak/stanford/groups/gentzkow/lucaml/template/lib/gslab_make/sphinx/build/html/pages/filling.html | 2024-09-09 18:30:16 | 16869
/oak/stanford/groups/gentzkow/lucaml/template/lib/gslab_make/docs/_static/css/fonts/fontawesome-webfont.ttf | 2024-09-09 18:30:14 | 165548
/oak/stanford/groups/gentzkow/lucaml/template/lib/gslab_make/sphinx/build/doctrees/pages/api/move_sources/gslab_make.move_sources.link_externals.doctree | 2024-09-09 18:30:15 | 19724
/oak/stanford/groups/gentzkow/lucaml/template/lib/gslab_make/test/raw/tablefill/tablefill_no_tag.txt | 2024-09-09 18:30:16 | 56
/oak/stanford/groups/gentzkow/lucaml/template/lib/gslab_make/docs/_static/basic.css | 2024-09-09 18:30:14 | 14810
/oak/stanford/groups/gentzkow/lucaml/template/lib/gslab_make/docs/index.html | 2024-09-09 18:30:14 | 7594
/oak/stanford/groups/gentzkow/lucaml/template/lib/gslab_make/sphinx/build/html/_static/underscore.js | 2024-09-09 18:30:16 | 19530
/oak/stanford/groups/gentzkow/lucaml/template/lib/gslab_make/build/lib/gslab_make/private/movedirective.py | 2024-09-09 18:30:14 | 12767
/oak/stanford/groups/gentzkow/lucaml/template/lib/gslab_make/sphinx/build/html/pages/api/write_logs/gslab_make.write_logs.write_to_makelog.html | 2024-09-09 18:30:16 | 7873
/oak/stanford/groups/gentzkow/lucaml/template/lib/gslab_make/docs/_static/jquery-3.6.0.js | 2024-09-09 18:30:14 | 288580
/oak/stanford/groups/gentzkow/lucaml/template/lib/gslab_make/sphinx/build/doctrees/pages/source_logging.doctree | 2024-09-09 18:30:15 | 19149
/oak/stanford/groups/gentzkow/lucaml/template/lib/gslab_make/gslab_make/__init__.py | 2024-09-09 18:30:14 | 2756
/oak/stanford/groups/gentzkow/lucaml/template/lib/gslab_make/sphinx/source/pages/sourcing.rst | 2024-09-09 18:30:16 | 548
/oak/stanford/groups/gentzkow/lucaml/template/lib/gslab_make/sphinx/build/html/_static/js/badge_only.js | 2024-09-09 18:30:16 | 934
/oak/stanford/groups/gentzkow/lucaml/template/lib/gslab_make/test/raw/tablefill/tablefill_template_not_enough_values.lyx | 2024-09-09 18:30:16 | 3823
/oak/stanford/groups/gentzkow/lucaml/template/lib/gslab_make/sphinx/build/html/pages/api/run_program/gslab_make.run_program.run_matlab.html | 2024-09-09 18:30:16 | 11601
/oak/stanford/groups/gentzkow/lucaml/template/lib/gslab_make/sphinx/build/html/_static/fonts/RobotoSlab/roboto-slab-v7-bold.woff2 | 2024-09-09 18:30:15 | 67312
/oak/stanford/groups/gentzkow/lucaml/template/lib/gslab_make/gslab_make/write_version_logs.py | 2024-09-09 18:30:15 | 2610
/oak/stanford/groups/gentzkow/lucaml/template/lib/gslab_make/sphinx/build/html/pages/api/run_program/gslab_make.run_program.run_lyx.html | 2024-09-09 18:30:16 | 12497
/oak/stanford/groups/gentzkow/lucaml/template/lib/gslab_make/sphinx/build/html/index.html | 2024-09-09 18:30:16 | 7594
/oak/stanford/groups/gentzkow/lucaml/template/lib/gslab_make/docs/_static/css/theme.css | 2024-09-09 18:30:14 | 135314
/oak/stanford/groups/gentzkow/lucaml/template/lib/gslab_make/build/lib/test/test_modify_dir.py | 2024-09-09 18:30:14 | 7852
/oak/stanford/groups/gentzkow/lucaml/template/lib/gslab_make/sphinx/build/html/_static/css/fonts/lato-bold.woff2 | 2024-09-09 18:30:15 | 184912
/oak/stanford/groups/gentzkow/lucaml/template/lib/gslab_make/test/raw/run_program/python_script.py | 2024-09-09 18:30:16 | 169
/oak/stanford/groups/gentzkow/lucaml/template/lib/gslab_make/sphinx/build/html/_sources/pages/api/write_logs/gslab_make.write_logs.end_makelog.rst.txt | 2024-09-09 18:30:15 | 97
/oak/stanford/groups/gentzkow/lucaml/template/lib/gslab_make/build/lib/gslab_make/write_source_logs.py | 2024-09-09 18:30:14 | 4866
/oak/stanford/groups/gentzkow/lucaml/template/lib/gslab_make/test/raw/config/config_bad.yaml | 2024-09-09 18:30:16 | 987
/oak/stanford/groups/gentzkow/lucaml/template/lib/gslab_make/sphinx/build/html/_static/fonts/Lato/lato-bolditalic.woff | 2024-09-09 18:30:15 | 323344
/oak/stanford/groups/gentzkow/lucaml/template/lib/gslab_make/docs/_static/css/fonts/lato-normal-italic.woff2 | 2024-09-09 18:30:14 | 195704
/oak/stanford/groups/gentzkow/lucaml/template/lib/gslab_make/sphinx/build/doctrees/pages/api/modify_dir/gslab_make.modify_dir.clear_dir.doctree | 2024-09-09 18:30:15 | 8950
/oak/stanford/groups/gentzkow/lucaml/template/lib/gslab_make/sphinx/build/html/_static/jquery-3.5.1.js | 2024-09-09 18:30:15 | 287630
/oak/stanford/groups/gentzkow/lucaml/template/lib/gslab_make/sphinx/build/doctrees/pages/api/make_utility/gslab_make.make_utility.update_external_paths.doctree | 2024-09-09 18:30:15 | 9360
/oak/stanford/groups/gentzkow/lucaml/template/lib/gslab_make/sphinx/build/doctrees/pages/api/run_program/gslab_make.run_program.run_latex.doctree | 2024-09-09 18:30:15 | 18876
/oak/stanford/groups/gentzkow/lucaml/template/lib/gslab_make/sphinx/build/html/pages/api/make_utility/gslab_make.make_utility.update_paths.html | 2024-09-09 18:30:16 | 7824
/oak/stanford/groups/gentzkow/lucaml/template/lib/gslab_make/sphinx/source/pages/repository.rst | 2024-09-09 18:30:16 | 363
/oak/stanford/groups/gentzkow/lucaml/template/lib/gslab_make/docs/pages/api/write_logs/gslab_make.write_logs.start_makelog.html | 2024-09-09 18:30:14 | 7982
/oak/stanford/groups/gentzkow/lucaml/template/lib/gslab_make/sphinx/build/html/_static/js/html5shiv.min.js | 2024-09-09 18:30:16 | 2734
/oak/stanford/groups/gentzkow/lucaml/template/lib/gslab_make/sphinx/build/html/pages/api/check_repo/gslab_make.check_repo.get_modified_sources.html | 2024-09-09 18:30:16 | 8985
/oak/stanford/groups/gentzkow/lucaml/template/lib/gslab_make/sphinx/build/html/_sources/pages/api/modify_dir/gslab_make.modify_dir.zip_dir.rst.txt | 2024-09-09 18:30:15 | 85
/oak/stanford/groups/gentzkow/lucaml/template/lib/gslab_make/setup.cfg | 2024-09-09 18:30:15 | 416
/oak/stanford/groups/gentzkow/lucaml/template/lib/gslab_make/docs/_static/fonts/Inconsolata.ttf | 2024-09-09 18:30:14 | 63184
/oak/stanford/groups/gentzkow/lucaml/template/lib/gslab_make/build/lib/gslab_make/write_logs.py | 2024-09-09 18:30:14 | 10665
/oak/stanford/groups/gentzkow/lucaml/template/lib/gslab_make/docs/_sources/pages/sourcing.rst.txt | 2024-09-09 18:30:14 | 548
/oak/stanford/groups/gentzkow/lucaml/template/lib/gslab_make/build/lib/gslab_make/private/messages.py | 2024-09-09 18:30:14 | 5991
/oak/stanford/groups/gentzkow/lucaml/template/lib/gslab_make/test/raw/run_program/stata_script_error.do | 2024-09-09 18:30:16 | 5
/oak/stanford/groups/gentzkow/lucaml/template/lib/gslab_make/sphinx/build/html/_static/fonts/Lato/lato-regular.woff | 2024-09-09 18:30:15 | 309192
/oak/stanford/groups/gentzkow/lucaml/template/lib/gslab_make/sphinx/source/pages/source_logging.rst | 2024-09-09 18:30:16 | 380
/oak/stanford/groups/gentzkow/lucaml/template/lib/gslab_make/docs/pages/api/check_repo/gslab_make.check_repo.get_modified_sources.html | 2024-09-09 18:30:14 | 8985
/oak/stanford/groups/gentzkow/lucaml/template/lib/gslab_make/sphinx/source/pages/api/write_logs/gslab_make.write_logs.start_makelog.rst | 2024-09-09 18:30:16 | 103
/oak/stanford/groups/gentzkow/lucaml/template/lib/gslab_make/test/raw/tablefill/tablefill_template space.lyx | 2024-09-09 18:30:16 | 4256
/oak/stanford/groups/gentzkow/lucaml/template/lib/gslab_make/docs/_sources/pages/api/run_program/gslab_make.run_program.run_stata.rst.txt | 2024-09-09 18:30:14 | 92
/oak/stanford/groups/gentzkow/lucaml/template/lib/gslab_make/test/raw/run_program/r_script space.R | 2024-09-09 18:30:16 | 100
/oak/stanford/groups/gentzkow/lucaml/template/lib/gslab_make/test/raw/log_sources/move.txt | 2024-09-09 18:30:16 | 53
/oak/stanford/groups/gentzkow/lucaml/template/lib/gslab_make/docs/_static/graphviz.css | 2024-09-09 18:30:14 | 299
/oak/stanford/groups/gentzkow/lucaml/template/lib/gslab_make/test/raw/run_program/perl_script_error.pl | 2024-09-09 18:30:16 | 5
/oak/stanford/groups/gentzkow/lucaml/template/lib/gslab_make/docs/_sources/pages/api/run_program/gslab_make.run_program.run_stat_transfer.rst.txt | 2024-09-09 18:30:14 | 116
/oak/stanford/groups/gentzkow/lucaml/template/lib/gslab_make/sphinx/build/doctrees/pages/api/write_logs/gslab_make.write_logs.start_makelog.doctree | 2024-09-09 18:30:15 | 7322
/oak/stanford/groups/gentzkow/lucaml/template/lib/gslab_make/docs/_static/css/fonts/Roboto-Slab-Regular.woff2 | 2024-09-09 18:30:14 | 66444
/oak/stanford/groups/gentzkow/lucaml/template/lib/gslab_make/build/lib/test/WIP_test_latex.py | 2024-09-09 18:30:14 | 2298
/oak/stanford/groups/gentzkow/lucaml/template/lib/gslab_make/sphinx/build/html/_static/_sphinx_javascript_frameworks_compat.js | 2024-09-09 18:30:15 | 4418
/oak/stanford/groups/gentzkow/lucaml/template/lib/gslab_make/test/raw/run_program/python_script_arg.py | 2024-09-09 18:30:16 | 180
/oak/stanford/groups/gentzkow/lucaml/template/lib/gslab_make/sphinx/build/doctrees/pages/filling.doctree | 2024-09-09 18:30:15 | 28178
/oak/stanford/groups/gentzkow/lucaml/template/lib/gslab_make/sphinx/build/html/_static/graphviz.css | 2024-09-09 18:30:15 | 299
/oak/stanford/groups/gentzkow/lucaml/template/lib/gslab_make/sphinx/build/doctrees/pages/sourcing.doctree | 2024-09-09 18:30:15 | 71710
/oak/stanford/groups/gentzkow/lucaml/template/lib/gslab_make/sphinx/build/doctrees/pages/api/run_program/gslab_make.run_program.run_module.doctree | 2024-09-09 18:30:15 | 12237
/oak/stanford/groups/gentzkow/lucaml/template/lib/gslab_make/docs/_static/fonts/Lato/lato-bold.ttf | 2024-09-09 18:30:14 | 600856
/oak/stanford/groups/gentzkow/lucaml/template/lib/gslab_make/sphinx/build/html/_sources/pages/api/run_program/gslab_make.run_program.run_matlab.rst.txt | 2024-09-09 18:30:15 | 95
/oak/stanford/groups/gentzkow/lucaml/template/lib/gslab_make/docs/_static/jquery-3.5.1.js | 2024-09-09 18:30:14 | 287630
/oak/stanford/groups/gentzkow/lucaml/template/lib/gslab_make/sphinx/build/html/_static/fonts/Lato/lato-regular.ttf | 2024-09-09 18:30:15 | 607720
/oak/stanford/groups/gentzkow/lucaml/template/lib/gslab_make/sphinx/build/html/_sources/pages/api/run_program/gslab_make.run_program.run_stata.rst.txt | 2024-09-09 18:30:15 | 92
/oak/stanford/groups/gentzkow/lucaml/template/lib/gslab_make/build/lib/test/utility.py | 2024-09-09 18:30:14 | 1404
/oak/stanford/groups/gentzkow/lucaml/template/lib/gslab_make/docs/_sources/pages/api/run_program/gslab_make.run_program.run_mathematica.rst.txt | 2024-09-09 18:30:14 | 110
/oak/stanford/groups/gentzkow/lucaml/template/lib/gslab_make/docs/_static/fonts/fontawesome-webfont.woff | 2024-09-09 18:30:14 | 98024
/oak/stanford/groups/gentzkow/lucaml/template/lib/gslab_make/sphinx/build/html/_static/css/fonts/fontawesome-webfont.ttf | 2024-09-09 18:30:15 | 165548
/oak/stanford/groups/gentzkow/lucaml/template/lib/gslab_make/docs/_static/js/modernizr.min.js | 2024-09-09 18:30:14 | 15414
/oak/stanford/groups/gentzkow/lucaml/template/lib/gslab_make/docs/_static/css/fonts/fontawesome-webfont.svg | 2024-09-09 18:30:14 | 444379
/oak/stanford/groups/gentzkow/lucaml/template/lib/gslab_make/docs/_static/css/fonts/lato-bold-italic.woff | 2024-09-09 18:30:14 | 323344
/oak/stanford/groups/gentzkow/lucaml/template/lib/gslab_make/docs/_static/fonts/Lato/lato-bold.eot | 2024-09-09 18:30:14 | 256056
/oak/stanford/groups/gentzkow/lucaml/template/lib/gslab_make/docs/_static/fonts/Inconsolata-Bold.ttf | 2024-09-09 18:30:14 | 109948
/oak/stanford/groups/gentzkow/lucaml/template/lib/gslab_make/sphinx/build/html/_static/jquery-3.6.0.js | 2024-09-09 18:30:16 | 288580
/oak/stanford/groups/gentzkow/lucaml/template/lib/gslab_make/docs/_sources/pages/api/run_program/gslab_make.run_program.run_r.rst.txt | 2024-09-09 18:30:14 | 80
/oak/stanford/groups/gentzkow/lucaml/template/lib/gslab_make/docs/_sources/pages/api/move_sources/gslab_make.move_sources.link_inputs.rst.txt | 2024-09-09 18:30:14 | 99
/oak/stanford/groups/gentzkow/lucaml/template/lib/gslab_make/docs/pages/api/modify_dir/gslab_make.modify_dir.remove_dir.html | 2024-09-09 18:30:14 | 8200
/oak/stanford/groups/gentzkow/lucaml/template/lib/gslab_make/sphinx/build/html/genindex.html | 2024-09-09 18:30:16 | 13171
/oak/stanford/groups/gentzkow/lucaml/template/lib/gslab_make/sphinx/build/doctrees/pages/api/write_logs/gslab_make.write_logs.end_makelog.doctree | 2024-09-09 18:30:15 | 7143
/oak/stanford/groups/gentzkow/lucaml/template/lib/gslab_make/sphinx/build/html/pages/api/move_sources/gslab_make.move_sources.link_inputs.html | 2024-09-09 18:30:16 | 13411
/oak/stanford/groups/gentzkow/lucaml/template/lib/gslab_make/docs/_sources/pages/api/make_utility/gslab_make.make_utility.copy_output.rst.txt | 2024-09-09 18:30:14 | 99
/oak/stanford/groups/gentzkow/lucaml/template/lib/gslab_make/docs/_static/fonts/RobotoSlab/roboto-slab-v7-bold.eot | 2024-09-09 18:30:14 | 79520
/oak/stanford/groups/gentzkow/lucaml/template/lib/gslab_make/setup.py | 2024-09-09 18:30:15 | 738
/oak/stanford/groups/gentzkow/lucaml/template/lib/gslab_make/docs/_static/fonts/RobotoSlab/roboto-slab-v7-bold.woff2 | 2024-09-09 18:30:14 | 67312
/oak/stanford/groups/gentzkow/lucaml/template/lib/gslab_make/docs/_static/underscore-1.12.0.js | 2024-09-09 18:30:14 | 67692
/oak/stanford/groups/gentzkow/lucaml/template/lib/gslab_make/docs/_static/fonts/Lato/lato-bolditalic.eot | 2024-09-09 18:30:14 | 266158
/oak/stanford/groups/gentzkow/lucaml/template/lib/gslab_make/docs/_sources/pages/api/tablefill/gslab_make.tablefill.tablefill.rst.txt | 2024-09-09 18:30:14 | 90
/oak/stanford/groups/gentzkow/lucaml/template/lib/gslab_make/test/raw/run_program/python_script space.py | 2024-09-09 18:30:16 | 169
/oak/stanford/groups/gentzkow/lucaml/template/lib/gslab_make/sphinx/source/pages/api/modify_dir/gslab_make.modify_dir.zip_dir.rst | 2024-09-09 18:30:16 | 85
/oak/stanford/groups/gentzkow/lucaml/template/lib/gslab_make/sphinx/build/html/_static/documentation_options.js | 2024-09-09 18:30:15 | 420
/oak/stanford/groups/gentzkow/lucaml/template/lib/gslab_make/docs/pages/api/write_logs/gslab_make.write_logs.write_to_makelog.html | 2024-09-09 18:30:14 | 7873
/oak/stanford/groups/gentzkow/lucaml/template/lib/gslab_make/docs/_sources/pages/utility.rst.txt | 2024-09-09 18:30:14 | 327
/oak/stanford/groups/gentzkow/lucaml/template/lib/gslab_make/test/raw/move_sources/move_dir.txt | 2024-09-09 18:30:16 | 54
/oak/stanford/groups/gentzkow/lucaml/template/lib/gslab_make/docs/_static/fonts/Lato/lato-bolditalic.woff | 2024-09-09 18:30:14 | 323344
/oak/stanford/groups/gentzkow/lucaml/template/lib/gslab_make/sphinx/build/html/_sources/pages/api/move_sources/gslab_make.move_sources.link_inputs.rst.txt | 2024-09-09 18:30:15 | 99
/oak/stanford/groups/gentzkow/lucaml/template/lib/gslab_make/sphinx/build/doctrees/pages/api/write_logs/gslab_make.write_logs.write_to_makelog.doctree | 2024-09-09 18:30:15 | 7820
/oak/stanford/groups/gentzkow/lucaml/template/lib/gslab_make/docs/pages/api/make_utility/gslab_make.make_utility.update_executables.html | 2024-09-09 18:30:14 | 8548
/oak/stanford/groups/gentzkow/lucaml/template/lib/gslab_make/test/test_move_sources.py | 2024-09-09 18:30:16 | 7262
/oak/stanford/groups/gentzkow/lucaml/template/lib/gslab_make/docs/pages/api/move_sources/gslab_make.move_sources.link_inputs.html | 2024-09-09 18:30:14 | 13411
/oak/stanford/groups/gentzkow/lucaml/template/lib/gslab_make/docs/_static/fonts/Lato/lato-italic.woff | 2024-09-09 18:30:14 | 328412
/oak/stanford/groups/gentzkow/lucaml/template/lib/gslab_make/sphinx/build/html/_sources/pages/repository.rst.txt | 2024-09-09 18:30:15 | 363
/oak/stanford/groups/gentzkow/lucaml/template/lib/gslab_make/README.md | 2024-09-09 18:30:14 | 2732
/oak/stanford/groups/gentzkow/lucaml/template/lib/gslab_make/sphinx/build/html/_sources/pages/api/run_program/gslab_make.run_program.execute_command.rst.txt | 2024-09-09 18:30:15 | 110
/oak/stanford/groups/gentzkow/lucaml/template/data/output/data_cleaned.csv | 2024-09-09 21:50:19 | 10260923
/oak/stanford/groups/gentzkow/lucaml/template/lib/gslab_make/sphinx/build/html/_static/fonts/Lato-Regular.ttf | 2024-09-09 18:30:15 | 656568
/oak/stanford/groups/gentzkow/lucaml/template/lib/gslab_make/docs/_static/underscore-1.3.1.js | 2024-09-09 18:30:14 | 35168
/oak/stanford/groups/gentzkow/lucaml/template/lib/gslab_make/sphinx/build/html/pages/api/make_utility/gslab_make.make_utility.copy_output.html | 2024-09-09 18:30:16 | 7810
/oak/stanford/groups/gentzkow/lucaml/template/lib/gslab_make/sphinx/build/html/_sources/index.rst.txt | 2024-09-09 18:30:15 | 1039
/oak/stanford/groups/gentzkow/lucaml/template/lib/gslab_make/sphinx/build/doctrees/pages/general_logging.doctree | 2024-09-09 18:30:15 | 32832
/oak/stanford/groups/gentzkow/lucaml/template/lib/gslab_make/test/test_python.py | 2024-09-09 18:30:16 | 7064
/oak/stanford/groups/gentzkow/lucaml/template/lib/gslab_make/docs/pages/api/tablefill/gslab_make.tablefill.tablefill.html | 2024-09-09 18:30:14 | 16859
/oak/stanford/groups/gentzkow/lucaml/template/lib/gslab_make/sphinx/build/doctrees/pages/api/tablefill/gslab_make.tablefill.tablefill.doctree | 2024-09-09 18:30:15 | 27360
/oak/stanford/groups/gentzkow/lucaml/template/lib/gslab_make/sphinx/build/doctrees/pages/api/run_program/gslab_make.run_program.run_python.doctree | 2024-09-09 18:30:15 | 17516
/oak/stanford/groups/gentzkow/lucaml/template/lib/gslab_make/build/lib/test/WIP_test_matlab.py | 2024-09-09 18:30:14 | 8012
/oak/stanford/groups/gentzkow/lucaml/template/lib/gslab_make/sphinx/build/html/pages/dummy.html | 2024-09-09 18:30:16 | 17663
/oak/stanford/groups/gentzkow/lucaml/template/lib/gslab_make/sphinx/build/html/_static/fonts/Lato/lato-bold.woff2 | 2024-09-09 18:30:15 | 184912
/oak/stanford/groups/gentzkow/lucaml/template/lib/gslab_make/build/lib/gslab_make/tablefill.py | 2024-09-09 18:30:14 | 20325
/oak/stanford/groups/gentzkow/lucaml/template/lib/gslab_make/sphinx/build/html/pages/api/make_utility/gslab_make.make_utility.update_internal_paths.html | 2024-09-09 18:30:16 | 8273
/oak/stanford/groups/gentzkow/lucaml/template/lib/gslab_make/build/lib/gslab_make/modify_dir.py | 2024-09-09 18:30:14 | 7384
/oak/stanford/groups/gentzkow/lucaml/template/lib/gslab_make/docs/pages/api/run_program/gslab_make.run_program.run_sas.html | 2024-09-09 18:30:14 | 12009
/oak/stanford/groups/gentzkow/lucaml/template/lib/gslab_make/test/WIP_test_matlab.py | 2024-09-09 18:30:16 | 8012
/oak/stanford/groups/gentzkow/lucaml/template/lib/gslab_make/gslab_make/tablefill.py | 2024-09-09 18:30:15 | 20325
/oak/stanford/groups/gentzkow/lucaml/template/lib/gslab_make/sphinx/build/html/pages/program.html | 2024-09-09 18:30:16 | 63451
/oak/stanford/groups/gentzkow/lucaml/template/lib/gslab_make/sphinx/build/html/_static/fonts/RobotoSlab/roboto-slab-v7-regular.ttf | 2024-09-09 18:30:15 | 169064
/oak/stanford/groups/gentzkow/lucaml/template/lib/gslab_make/docs/_sources/pages/dummy.rst.txt | 2024-09-09 18:30:14 | 741
/oak/stanford/groups/gentzkow/lucaml/template/lib/gslab_make/docs/_static/css/fonts/Roboto-Slab-Bold.woff | 2024-09-09 18:30:14 | 87624
/oak/stanford/groups/gentzkow/lucaml/template/lib/gslab_make/sphinx/source/pages/api/make_utility/gslab_make.make_utility.update_internal_paths.rst | 2024-09-09 18:30:16 | 129
/oak/stanford/groups/gentzkow/lucaml/template/lib/gslab_make/sphinx/build/html/pages/general_logging.html | 2024-09-09 18:30:16 | 15121
/oak/stanford/groups/gentzkow/lucaml/template/lib/gslab_make/test/raw/log_outputs/dir space/file space.txt | 2024-09-09 18:30:16 | 20
/oak/stanford/groups/gentzkow/lucaml/template/lib/gslab_make/docs/_sources/pages/api/move_sources/gslab_make.move_sources.link_externals.rst.txt | 2024-09-09 18:30:14 | 108
/oak/stanford/groups/gentzkow/lucaml/template/lib/gslab_make/sphinx/build/html/pages/repository.html | 2024-09-09 18:30:16 | 11550
/oak/stanford/groups/gentzkow/lucaml/template/lib/gslab_make/test/raw/tablefill/tablefill.txt | 2024-09-09 18:30:16 | 66
/oak/stanford/groups/gentzkow/lucaml/template/lib/gslab_make/sphinx/build/html/_static/css/fonts/Roboto-Slab-Regular.woff2 | 2024-09-09 18:30:15 | 66444
/oak/stanford/groups/gentzkow/lucaml/template/lib/gslab_make/sphinx/build/doctrees/pages/directory.doctree | 2024-09-09 18:30:15 | 25713
/oak/stanford/groups/gentzkow/lucaml/template/lib/gslab_make/CODE_OF_CONDUCT.md | 2024-09-09 18:30:14 | 3353
/oak/stanford/groups/gentzkow/lucaml/template/lib/gslab_make/docs/_static/js/badge_only.js | 2024-09-09 18:30:14 | 934
/oak/stanford/groups/gentzkow/lucaml/template/lib/gslab_make/sphinx/build/html/_static/fonts/Inconsolata-Regular.ttf | 2024-09-09 18:30:15 | 96964
/oak/stanford/groups/gentzkow/lucaml/template/lib/gslab_make/sphinx/build/html/pages/api/run_program/gslab_make.run_program.run_python.html | 2024-09-09 18:30:16 | 11595
/oak/stanford/groups/gentzkow/lucaml/template/lib/gslab_make/docs/_static/underscore-1.13.1.js | 2024-09-09 18:30:14 | 68420
/oak/stanford/groups/gentzkow/lucaml/template/lib/gslab_make/sphinx/build/html/_static/fonts/Lato/lato-bold.eot | 2024-09-09 18:30:15 | 256056
/oak/stanford/groups/gentzkow/lucaml/template/lib/gslab_make/docs/pages/general_logging.html | 2024-09-09 18:30:14 | 15121
/oak/stanford/groups/gentzkow/lucaml/template/lib/gslab_make/docs/_sources/pages/api/write_logs/gslab_make.write_logs.start_makelog.rst.txt | 2024-09-09 18:30:14 | 103
/oak/stanford/groups/gentzkow/lucaml/template/lib/gslab_make/docs/_static/fonts/Lato/lato-regular.woff2 | 2024-09-09 18:30:14 | 182708
/oak/stanford/groups/gentzkow/lucaml/template/lib/gslab_make/gslab_make/write_source_logs.py | 2024-09-09 18:30:15 | 4866
/oak/stanford/groups/gentzkow/lucaml/template/lib/gslab_make/sphinx/source/pages/api/run_program/gslab_make.run_program.run_r.rst | 2024-09-09 18:30:16 | 80
/oak/stanford/groups/gentzkow/lucaml/template/lib/gslab_make/sphinx/build/html/_sources/pages/api/modify_dir/gslab_make.modify_dir.unzip.rst.txt | 2024-09-09 18:30:15 | 79
/oak/stanford/groups/gentzkow/lucaml/template/lib/gslab_make/docs/_static/plus.png | 2024-09-09 18:30:14 | 90
/oak/stanford/groups/gentzkow/lucaml/template/lib/gslab_make/sphinx/build/html/pages/api/run_program/gslab_make.run_program.run_latex.html | 2024-09-09 18:30:16 | 12050
/oak/stanford/groups/gentzkow/lucaml/template/lib/gslab_make/sphinx/build/html/pages/api/write_logs/gslab_make.write_logs.log_files_in_output.html | 2024-09-09 18:30:16 | 11010
/oak/stanford/groups/gentzkow/lucaml/template/lib/gslab_make/test/raw/move_sources/move_empty.txt | 2024-09-09 18:30:16 | 22
/oak/stanford/groups/gentzkow/lucaml/template/lib/gslab_make/build/lib/test/test_tablefill.py | 2024-09-09 18:30:14 | 4244
/oak/stanford/groups/gentzkow/lucaml/template/lib/gslab_make/sphinx/source/pages/api/make_utility/gslab_make.make_utility.update_executables.rst | 2024-09-09 18:30:16 | 120
/oak/stanford/groups/gentzkow/lucaml/template/lib/gslab_make/sphinx/source/pages/api/check_repo/gslab_make.check_repo.check_module_size.rst | 2024-09-09 18:30:16 | 115
/oak/stanford/groups/gentzkow/lucaml/template/lib/gslab_make/docs/_static/doctools.js | 2024-09-09 18:30:14 | 4472
/oak/stanford/groups/gentzkow/lucaml/template/lib/gslab_make/docs/_sources/pages/api/write_logs/gslab_make.write_logs.write_to_makelog.rst.txt | 2024-09-09 18:30:14 | 112
/oak/stanford/groups/gentzkow/lucaml/template/lib/gslab_make/gslab_make/private/subprocess_fix.py | 2024-09-09 18:30:15 | 5428
/oak/stanford/groups/gentzkow/lucaml/template/lib/gslab_make/docs/searchindex.js | 2024-09-09 18:30:14 | 33853
/oak/stanford/groups/gentzkow/lucaml/template/lib/gslab_make/sphinx/build/doctrees/index.doctree | 2024-09-09 18:30:15 | 5642
/oak/stanford/groups/gentzkow/lucaml/template/lib/gslab_make/test/test_log_sources.py | 2024-09-09 18:30:16 | 4585
/oak/stanford/groups/gentzkow/lucaml/template/lib/gslab_make/sphinx/source/pages/specifying_paths.rst | 2024-09-09 18:30:16 | 2616
/oak/stanford/groups/gentzkow/lucaml/template/lib/gslab_make/sphinx/build/html/_static/fonts/Lato/lato-regular.woff2 | 2024-09-09 18:30:15 | 182708
/oak/stanford/groups/gentzkow/lucaml/template/lib/gslab_make/docs/_sources/pages/program.rst.txt | 2024-09-09 18:30:14 | 2704
/oak/stanford/groups/gentzkow/lucaml/template/lib/gslab_make/docs/pages/api/run_program/gslab_make.run_program.run_r.html | 2024-09-09 18:30:14 | 11514
/oak/stanford/groups/gentzkow/lucaml/template/lib/gslab_make/sphinx/build/html/_static/fonts/Lato/lato-bolditalic.ttf | 2024-09-09 18:30:15 | 622572
/oak/stanford/groups/gentzkow/lucaml/template/lib/gslab_make/sphinx/build/html/pages/sourcing.html | 2024-09-09 18:30:16 | 33580
/oak/stanford/groups/gentzkow/lucaml/template/lib/gslab_make/sphinx/source/pages/api/make_utility/gslab_make.make_utility.update_external_paths.rst | 2024-09-09 18:30:16 | 129
/oak/stanford/groups/gentzkow/lucaml/template/lib/gslab_make/docs/_sources/pages/api/run_program/gslab_make.run_program.run_latex.rst.txt | 2024-09-09 18:30:14 | 92
/oak/stanford/groups/gentzkow/lucaml/template/lib/gslab_make/gslab_make/private/exceptionclasses.py | 2024-09-09 18:30:15 | 943
/oak/stanford/groups/gentzkow/lucaml/template/lib/gslab_make/sphinx/build/html/_sources/pages/api/move_sources/gslab_make.move_sources.copy_inputs.rst.txt | 2024-09-09 18:30:15 | 99
/oak/stanford/groups/gentzkow/lucaml/template/lib/gslab_make/gslab_make/private/programdirective.py | 2024-09-09 18:30:15 | 10360
/oak/stanford/groups/gentzkow/lucaml/template/lib/gslab_make/test/raw/tablefill/tablefill_template_missing_input.lyx | 2024-09-09 18:30:16 | 4264
/oak/stanford/groups/gentzkow/lucaml/template/lib/gslab_make/sphinx/build/doctrees/pages/api/check_repo/gslab_make.check_repo.check_conda_status.doctree | 2024-09-09 18:30:15 | 6102
/oak/stanford/groups/gentzkow/lucaml/template/lib/gslab_make/sphinx/build/html/_sources/pages/api/make_utility/gslab_make.make_utility.update_internal_paths.rst.txt | 2024-09-09 18:30:15 | 129
/oak/stanford/groups/gentzkow/lucaml/template/lib/gslab_make/sphinx/build/html/objects.inv | 2024-09-09 18:30:16 | 1891
/oak/stanford/groups/gentzkow/lucaml/template/lib/gslab_make/test/raw/run_program/lyx_file_error.lyx | 2024-09-09 18:30:16 | 5
/oak/stanford/groups/gentzkow/lucaml/template/lib/gslab_make/sphinx/source/pages/api/check_repo/gslab_make.check_repo.check_conda_status.rst | 2024-09-09 18:30:16 | 118
/oak/stanford/groups/gentzkow/lucaml/template/lib/gslab_make/sphinx/build/doctrees/pages/api/run_program/gslab_make.run_program.run_jupyter.doctree | 2024-09-09 18:30:15 | 13218
/oak/stanford/groups/gentzkow/lucaml/template/lib/gslab_make/test/raw/move_sources/move_bad_key.txt | 2024-09-09 18:30:16 | 48
/oak/stanford/groups/gentzkow/lucaml/template/lib/gslab_make/sphinx/source/pages/program.rst | 2024-09-09 18:30:16 | 2704
/oak/stanford/groups/gentzkow/lucaml/template/lib/gslab_make/docs/_static/fonts/fontawesome-webfont.eot | 2024-09-09 18:30:14 | 165742
/oak/stanford/groups/gentzkow/lucaml/template/lib/gslab_make/sphinx/build/html/_sources/pages/api/run_program/gslab_make.run_program.run_jupyter.rst.txt | 2024-09-09 18:30:15 | 98
/oak/stanford/groups/gentzkow/lucaml/template/lib/gslab_make/test/raw/log_sources/dir space/file space.txt | 2024-09-09 18:30:16 | 20
/oak/stanford/groups/gentzkow/lucaml/template/lib/gslab_make/build/lib/test/EXCLUDE_test_stata.py | 2024-09-09 18:30:14 | 8022
/oak/stanford/groups/gentzkow/lucaml/template/lib/gslab_make/test/raw/move_sources/move_file.txt | 2024-09-09 18:30:16 | 64
/oak/stanford/groups/gentzkow/lucaml/template/lib/gslab_make/docs/_static/fonts/RobotoSlab/roboto-slab-v7-bold.ttf | 2024-09-09 18:30:14 | 170616
/oak/stanford/groups/gentzkow/lucaml/template/lib/gslab_make/sphinx/source/pages/api/run_program/gslab_make.run_program.run_python.rst | 2024-09-09 18:30:16 | 95
/oak/stanford/groups/gentzkow/lucaml/template/lib/gslab_make/sphinx/build/html/_sources/pages/api/run_program/gslab_make.run_program.run_mathematica.rst.txt | 2024-09-09 18:30:15 | 110
/oak/stanford/groups/gentzkow/lucaml/template/lib/gslab_make/test/test_log_outputs.py | 2024-09-09 18:30:16 | 5111
/oak/stanford/groups/gentzkow/lucaml/template/lib/gslab_make/docs/_sources/pages/source_logging.rst.txt | 2024-09-09 18:30:14 | 380
/oak/stanford/groups/gentzkow/lucaml/template/lib/gslab_make/docs/pages/api/make_utility/gslab_make.make_utility.update_paths.html | 2024-09-09 18:30:14 | 7824
/oak/stanford/groups/gentzkow/lucaml/template/lib/gslab_make/sphinx/source/pages/api/run_program/gslab_make.run_program.run_stata.rst | 2024-09-09 18:30:16 | 92
/oak/stanford/groups/gentzkow/lucaml/template/lib/gslab_make/sphinx/build/html/_static/fonts/RobotoSlab/roboto-slab-v7-bold.woff | 2024-09-09 18:30:15 | 87624
/oak/stanford/groups/gentzkow/lucaml/template/lib/gslab_make/sphinx/build/html/_sources/pages/api/run_program/gslab_make.run_program.run_sas.rst.txt | 2024-09-09 18:30:15 | 86
/oak/stanford/groups/gentzkow/lucaml/template/lib/gslab_make/docs/pages/api/modify_dir/gslab_make.modify_dir.unzip.html | 2024-09-09 18:30:14 | 6833
/oak/stanford/groups/gentzkow/lucaml/template/lib/gslab_make/sphinx/source/pages/api/run_program/gslab_make.run_program.run_jupyter.rst | 2024-09-09 18:30:16 | 98
/oak/stanford/groups/gentzkow/lucaml/template/lib/gslab_make/sphinx/source/pages/api/run_program/gslab_make.run_program.run_module.rst | 2024-09-09 18:30:16 | 95
/oak/stanford/groups/gentzkow/lucaml/template/lib/gslab_make/sphinx/build/html/_sources/pages/api/run_program/gslab_make.run_program.run_perl.rst.txt | 2024-09-09 18:30:15 | 89
/oak/stanford/groups/gentzkow/lucaml/template/lib/gslab_make/test/raw/run_program/lyx_file_handout.lyx | 2024-09-09 18:30:16 | 2000
/oak/stanford/groups/gentzkow/lucaml/template/lib/gslab_make/sphinx/build/html/_sources/pages/api/move_sources/gslab_make.move_sources.copy_externals.rst.txt | 2024-09-09 18:30:15 | 108
/oak/stanford/groups/gentzkow/lucaml/template/lib/gslab_make/docs/_sources/pages/api/run_program/gslab_make.run_program.run_perl.rst.txt | 2024-09-09 18:30:14 | 89
/oak/stanford/groups/gentzkow/lucaml/template/lib/gslab_make/docs/_static/underscore.js | 2024-09-09 18:30:14 | 19530
/oak/stanford/groups/gentzkow/lucaml/template/lib/gslab_make/sphinx/build/html/_static/js/modernizr.min.js | 2024-09-09 18:30:16 | 15414
/oak/stanford/groups/gentzkow/lucaml/template/lib/gslab_make/sphinx/source/pages/api/run_program/gslab_make.run_program.run_perl.rst | 2024-09-09 18:30:16 | 89
/oak/stanford/groups/gentzkow/lucaml/template/lib/gslab_make/sphinx/build/html/_static/sphinx_highlight.js | 2024-09-09 18:30:16 | 4712
/oak/stanford/groups/gentzkow/lucaml/template/lib/gslab_make/docs/pages/api/run_program/gslab_make.run_program.run_jupyter.html | 2024-09-09 18:30:14 | 11104
/oak/stanford/groups/gentzkow/lucaml/template/lib/gslab_make/docs/_static/css/fonts/lato-normal.woff2 | 2024-09-09 18:30:14 | 182708
/oak/stanford/groups/gentzkow/lucaml/template/lib/gslab_make/docs/_static/fonts/Lato/lato-regular.eot | 2024-09-09 18:30:14 | 253461
/oak/stanford/groups/gentzkow/lucaml/template/lib/gslab_make/docs/pages/api/move_sources/gslab_make.move_sources.link_externals.html | 2024-09-09 18:30:14 | 13451
/oak/stanford/groups/gentzkow/lucaml/template/lib/gslab_make/sphinx/source/pages/api/run_program/gslab_make.run_program.run_sas.rst | 2024-09-09 18:30:16 | 86
/oak/stanford/groups/gentzkow/lucaml/template/lib/gslab_make/sphinx/build/doctrees/pages/program.doctree | 2024-09-09 18:30:15 | 201511
/oak/stanford/groups/gentzkow/lucaml/template/lib/gslab_make/sphinx/source/pages/api/run_program/gslab_make.run_program.run_matlab.rst | 2024-09-09 18:30:16 | 95
/oak/stanford/groups/gentzkow/lucaml/template/lib/gslab_make/sphinx/build/html/_sources/pages/sourcing.rst.txt | 2024-09-09 18:30:15 | 548
/oak/stanford/groups/gentzkow/lucaml/template/lib/gslab_make/sphinx/build/html/_static/fonts/RobotoSlab/roboto-slab-v7-bold.eot | 2024-09-09 18:30:15 | 79520
/oak/stanford/groups/gentzkow/lucaml/template/lib/gslab_make/docs/_static/css/fonts/lato-normal-italic.woff | 2024-09-09 18:30:14 | 328412
/oak/stanford/groups/gentzkow/lucaml/template/lib/gslab_make/sphinx/build/html/_sources/pages/api/run_program/gslab_make.run_program.run_lyx.rst.txt | 2024-09-09 18:30:15 | 86
/oak/stanford/groups/gentzkow/lucaml/template/lib/gslab_make/sphinx/build/doctrees/pages/api/check_repo/gslab_make.check_repo.check_module_size.doctree | 2024-09-09 18:30:15 | 9969
/oak/stanford/groups/gentzkow/lucaml/template/lib/gslab_make/sphinx/build/doctrees/pages/api/run_program/gslab_make.run_program.run_lyx.doctree | 2024-09-09 18:30:15 | 20832
/oak/stanford/groups/gentzkow/lucaml/template/lib/gslab_make/sphinx/build/html/pages/api/run_program/gslab_make.run_program.run_module.html | 2024-09-09 18:30:16 | 10569
/oak/stanford/groups/gentzkow/lucaml/template/lib/gslab_make/sphinx/source/pages/api/run_program/gslab_make.run_program.execute_command.rst | 2024-09-09 18:30:16 | 110
/oak/stanford/groups/gentzkow/lucaml/template/lib/gslab_make/test/raw/run_program/matlab_script_error.m | 2024-09-09 18:30:16 | 5
/oak/stanford/groups/gentzkow/lucaml/template/lib/gslab_make/docs/_sources/pages/filling.rst.txt | 2024-09-09 18:30:14 | 253
/oak/stanford/groups/gentzkow/lucaml/template/lib/gslab_make/docs/_sources/pages/api/make_utility/gslab_make.make_utility.update_executables.rst.txt | 2024-09-09 18:30:14 | 120
/oak/stanford/groups/gentzkow/lucaml/template/lib/gslab_make/docs/_static/fonts/RobotoSlab-Regular.ttf | 2024-09-09 18:30:14 | 169064
/oak/stanford/groups/gentzkow/lucaml/template/lib/gslab_make/docs/_static/fonts/RobotoSlab/roboto-slab-v7-regular.ttf | 2024-09-09 18:30:14 | 169064
/oak/stanford/groups/gentzkow/lucaml/template/lib/gslab_make/sphinx/source/pages/general_logging.rst | 2024-09-09 18:30:16 | 655
/oak/stanford/groups/gentzkow/lucaml/template/lib/gslab_make/sphinx/build/doctrees/pages/dummy.doctree | 2024-09-09 18:30:15 | 50010
/oak/stanford/groups/gentzkow/lucaml/template/lib/gslab_make/sphinx/build/html/_static/fonts/RobotoSlab/roboto-slab-v7-regular.woff | 2024-09-09 18:30:15 | 86288
/oak/stanford/groups/gentzkow/lucaml/template/lib/gslab_make/sphinx/source/pages/api/check_repo/gslab_make.check_repo.get_modified_sources.rst | 2024-09-09 18:30:16 | 124
/oak/stanford/groups/gentzkow/lucaml/template/lib/gslab_make/docs/pages/api/run_program/gslab_make.run_program.execute_command.html | 2024-09-09 18:30:14 | 11500
/oak/stanford/groups/gentzkow/lucaml/template/lib/gslab_make/build/lib/gslab_make/private/subprocess_fix.py | 2024-09-09 18:30:14 | 5428
/oak/stanford/groups/gentzkow/lucaml/template/lib/gslab_make/test/raw/log_sources/move_recursion.txt | 2024-09-09 18:30:16 | 34
/oak/stanford/groups/gentzkow/lucaml/template/lib/gslab_make/test/raw/run_program/lyx_file_handout_handout.lyx.bak | 2024-09-09 18:30:16 | 2000
/oak/stanford/groups/gentzkow/lucaml/template/lib/gslab_make/test/raw/run_program/r_script_error.R | 2024-09-09 18:30:16 | 5
/oak/stanford/groups/gentzkow/lucaml/template/lib/gslab_make/sphinx/build/html/pages/api/write_source_logs/gslab_make.write_source_logs.write_source_logs.html | 2024-09-09 18:30:16 | 10990
/oak/stanford/groups/gentzkow/lucaml/template/lib/gslab_make/sphinx/build/html/_static/fonts/fontawesome-webfont.woff2 | 2024-09-09 18:30:15 | 77160
/oak/stanford/groups/gentzkow/lucaml/template/lib/gslab_make/test/raw/log_outputs/dir_depth/dir_depth/depth_2.txt | 2024-09-09 18:30:16 | 20
/oak/stanford/groups/gentzkow/lucaml/template/lib/gslab_make/sphinx/build/html/pages/api/check_repo/gslab_make.check_repo.check_conda_status.html | 2024-09-09 18:30:16 | 7361
/oak/stanford/groups/gentzkow/lucaml/template/lib/gslab_make/docs/objects.inv | 2024-09-09 18:30:14 | 1891
/oak/stanford/groups/gentzkow/lucaml/template/lib/gslab_make/docs/_sources/pages/api/run_program/gslab_make.run_program.execute_command.rst.txt | 2024-09-09 18:30:14 | 110
/oak/stanford/groups/gentzkow/lucaml/template/lib/gslab_make/sphinx/build/html/_static/css/fonts/Roboto-Slab-Regular.woff | 2024-09-09 18:30:15 | 86288
/oak/stanford/groups/gentzkow/lucaml/template/lib/gslab_make/docs/_static/css/fonts/fontawesome-webfont.woff2 | 2024-09-09 18:30:14 | 77160
/oak/stanford/groups/gentzkow/lucaml/template/lib/gslab_make/docs/_static/js/html5shiv.min.js | 2024-09-09 18:30:14 | 2734
/oak/stanford/groups/gentzkow/lucaml/template/lib/gslab_make/docs/pages/api/run_program/gslab_make.run_program.run_lyx.html | 2024-09-09 18:30:14 | 12497
/oak/stanford/groups/gentzkow/lucaml/template/lib/gslab_make/test/raw/tablefill/tablefill_template.lyx | 2024-09-09 18:30:16 | 4256
/oak/stanford/groups/gentzkow/lucaml/template/lib/gslab_make/docs/_sources/pages/api/write_logs/gslab_make.write_logs.end_makelog.rst.txt | 2024-09-09 18:30:14 | 97
/oak/stanford/groups/gentzkow/lucaml/template/lib/gslab_make/test/raw/config/config_user_empty.yaml | 2024-09-09 18:30:16 | 96
/oak/stanford/groups/gentzkow/lucaml/template/lib/gslab_make/sphinx/build/html/_sources/pages/general_logging.rst.txt | 2024-09-09 18:30:15 | 655
/oak/stanford/groups/gentzkow/lucaml/template/lib/gslab_make/sphinx/build/html/pages/specifying_paths.html | 2024-09-09 18:30:16 | 12156
/oak/stanford/groups/gentzkow/lucaml/template/lib/gslab_make/test/raw/log_outputs/recursion.txt | 2024-09-09 18:30:16 | 34
/oak/stanford/groups/gentzkow/lucaml/template/lib/gslab_make/build/lib/gslab_make/textfill.py | 2024-09-09 18:30:14 | 5952
/oak/stanford/groups/gentzkow/lucaml/template/lib/gslab_make/docs/_sources/pages/api/run_program/gslab_make.run_program.run_sas.rst.txt | 2024-09-09 18:30:14 | 86
/oak/stanford/groups/gentzkow/lucaml/template/lib/gslab_make/sphinx/build/doctrees/pages/api/run_program/gslab_make.run_program.run_mathematica.doctree | 2024-09-09 18:30:15 | 17521
/oak/stanford/groups/gentzkow/lucaml/template/lib/gslab_make/gslab_make/tablefill_info.py | 2024-09-09 18:30:15 | 8432
/oak/stanford/groups/gentzkow/lucaml/template/lib/gslab_make/docs/_sources/pages/api/modify_dir/gslab_make.modify_dir.remove_dir.rst.txt | 2024-09-09 18:30:14 | 94
/oak/stanford/groups/gentzkow/lucaml/template/lib/gslab_make/docs/search.html | 2024-09-09 18:30:14 | 4838
/oak/stanford/groups/gentzkow/lucaml/template/lib/gslab_make/sphinx/build/html/_sources/pages/api/run_program/gslab_make.run_program.run_stat_transfer.rst.txt | 2024-09-09 18:30:15 | 116
/oak/stanford/groups/gentzkow/lucaml/template/lib/gslab_make/docs/_sources/pages/specifying_paths.rst.txt | 2024-09-09 18:30:14 | 2616
/oak/stanford/groups/gentzkow/lucaml/template/lib/gslab_make/sphinx/build/html/_static/css/theme.css | 2024-09-09 18:30:15 | 135314
/oak/stanford/groups/gentzkow/lucaml/template/lib/gslab_make/docs/pages/api/run_program/gslab_make.run_program.run_latex.html | 2024-09-09 18:30:14 | 12050
/oak/stanford/groups/gentzkow/lucaml/template/lib/gslab_make/docs/_static/file.png | 2024-09-09 18:30:14 | 286
/oak/stanford/groups/gentzkow/lucaml/template/lib/gslab_make/sphinx/source/pages/api/write_logs/gslab_make.write_logs.write_to_makelog.rst | 2024-09-09 18:30:16 | 112
/oak/stanford/groups/gentzkow/lucaml/template/lib/gslab_make/gslab_make/private/movedirective.py | 2024-09-09 18:30:15 | 12767
/oak/stanford/groups/gentzkow/lucaml/template/lib/gslab_make/docs/pages/api/run_program/gslab_make.run_program.run_matlab.html | 2024-09-09 18:30:14 | 11601
/oak/stanford/groups/gentzkow/lucaml/template/lib/gslab_make/sphinx/build/html/_static/file.png | 2024-09-09 18:30:15 | 286
/oak/stanford/groups/gentzkow/lucaml/template/lib/gslab_make/sphinx/build/html/pages/api/move_sources/gslab_make.move_sources.copy_externals.html | 2024-09-09 18:30:16 | 13228
/oak/stanford/groups/gentzkow/lucaml/template/lib/gslab_make/docs/_static/js/theme.js | 2024-09-09 18:30:14 | 5023
/oak/stanford/groups/gentzkow/lucaml/template/lib/gslab_make/docs/pages/api/run_program/gslab_make.run_program.run_stata.html | 2024-09-09 18:30:14 | 11880
/oak/stanford/groups/gentzkow/lucaml/template/lib/gslab_make/docs/pages/api/modify_dir/gslab_make.modify_dir.zip_dir.html | 2024-09-09 18:30:14 | 6800
/oak/stanford/groups/gentzkow/lucaml/template/lib/gslab_make/test/raw/log_outputs/dir_local/file_local.txt | 2024-09-09 18:30:16 | 20
/oak/stanford/groups/gentzkow/lucaml/template/lib/gslab_make/build/lib/gslab_make/private/metadata.py | 2024-09-09 18:30:14 | 4133
/oak/stanford/groups/gentzkow/lucaml/template/lib/gslab_make/sphinx/source/pages/api/write_logs/gslab_make.write_logs.log_files_in_output.rst | 2024-09-09 18:30:16 | 121
/oak/stanford/groups/gentzkow/lucaml/template/lib/gslab_make/sphinx/build/html/_static/jquery.js | 2024-09-09 18:30:16 | 89501
/oak/stanford/groups/gentzkow/lucaml/template/lib/gslab_make/sphinx/build/html/_sources/pages/api/write_logs/gslab_make.write_logs.start_makelog.rst.txt | 2024-09-09 18:30:15 | 103
/oak/stanford/groups/gentzkow/lucaml/template/lib/gslab_make/sphinx/build/html/_static/css/fonts/lato-normal.woff2 | 2024-09-09 18:30:15 | 182708
/oak/stanford/groups/gentzkow/lucaml/template/lib/gslab_make/sphinx/build/html/pages/utility.html | 2024-09-09 18:30:16 | 12444
/oak/stanford/groups/gentzkow/lucaml/template/lib/gslab_make/docs/_sources/pages/api/modify_dir/gslab_make.modify_dir.zip_dir.rst.txt | 2024-09-09 18:30:14 | 85
/oak/stanford/groups/gentzkow/lucaml/template/lib/gslab_make/test/raw/run_program/lyx_file space.lyx | 2024-09-09 18:30:16 | 1608
/oak/stanford/groups/gentzkow/lucaml/template/lib/gslab_make/test/test_modify_dir.py | 2024-09-09 18:30:16 | 7852
/oak/stanford/groups/gentzkow/lucaml/template/lib/gslab_make/sphinx/build/html/_static/css/fonts/Roboto-Slab-Bold.woff | 2024-09-09 18:30:15 | 87624
/oak/stanford/groups/gentzkow/lucaml/template/lib/gslab_make/gslab_make/make_utility.py | 2024-09-09 18:30:15 | 5785
/oak/stanford/groups/gentzkow/lucaml/template/lib/gslab_make/sphinx/build/html/_static/searchtools.js | 2024-09-09 18:30:16 | 18215
/oak/stanford/groups/gentzkow/lucaml/template/lib/gslab_make/test/raw/run_program/perl_script space.pl | 2024-09-09 18:30:16 | 208
/oak/stanford/groups/gentzkow/lucaml/template/lib/gslab_make/docs/pages/api/check_repo/gslab_make.check_repo.check_conda_status.html | 2024-09-09 18:30:14 | 7361
/oak/stanford/groups/gentzkow/lucaml/template/lib/gslab_make/docs/_static/fonts/RobotoSlab/roboto-slab-v7-regular.woff2 | 2024-09-09 18:30:14 | 66444
/oak/stanford/groups/gentzkow/lucaml/template/lib/gslab_make/test/raw/log_sources/move space.txt | 2024-09-09 18:30:16 | 65
/oak/stanford/groups/gentzkow/lucaml/template/lib/gslab_make/docs/_static/language_data.js | 2024-09-09 18:30:14 | 4758
/oak/stanford/groups/gentzkow/lucaml/template/lib/gslab_make/build/lib/gslab_make/textfill_info.py | 2024-09-09 18:30:14 | 6314
/oak/stanford/groups/gentzkow/lucaml/template/lib/gslab_make/gslab_make/private/metadata.py | 2024-09-09 18:30:15 | 4137
/oak/stanford/groups/gentzkow/lucaml/template/lib/gslab_make/test/EXCLUDE_test_perl.py | 2024-09-09 18:30:16 | 8121
/oak/stanford/groups/gentzkow/lucaml/template/lib/gslab_make/test/EXCLUDE_test_lyx.py | 2024-09-09 18:30:16 | 9277
/oak/stanford/groups/gentzkow/lucaml/template/lib/gslab_make/gslab_make/modify_dir.py | 2024-09-09 18:30:15 | 7384
/oak/stanford/groups/gentzkow/lucaml/template/lib/gslab_make/test/raw/log_sources/move_depth.txt | 2024-09-09 18:30:16 | 65
/oak/stanford/groups/gentzkow/lucaml/template/lib/gslab_make/sphinx/build/html/_static/fonts/RobotoSlab-Regular.ttf | 2024-09-09 18:30:15 | 169064
/oak/stanford/groups/gentzkow/lucaml/template/lib/gslab_make/sphinx/build/html/_static/css/fonts/fontawesome-webfont.svg | 2024-09-09 18:30:15 | 444379
/oak/stanford/groups/gentzkow/lucaml/template/lib/gslab_make/docs/pages/api/write_source_logs/gslab_make.write_source_logs.write_source_logs.html | 2024-09-09 18:30:14 | 10990
/oak/stanford/groups/gentzkow/lucaml/template/lib/gslab_make/sphinx/source/pages/api/run_program/gslab_make.run_program.run_mathematica.rst | 2024-09-09 18:30:16 | 110
/oak/stanford/groups/gentzkow/lucaml/template/lib/gslab_make/sphinx/build/html/_static/css/badge_only.css | 2024-09-09 18:30:15 | 3229
/oak/stanford/groups/gentzkow/lucaml/template/lib/gslab_make/sphinx/build/doctrees/pages/api/modify_dir/gslab_make.modify_dir.zip_dir.doctree | 2024-09-09 18:30:15 | 6952
/oak/stanford/groups/gentzkow/lucaml/template/lib/gslab_make/docs/_static/css/fonts/lato-bold.woff2 | 2024-09-09 18:30:14 | 184912
/oak/stanford/groups/gentzkow/lucaml/template/lib/gslab_make/sphinx/build/html/_sources/pages/filling.rst.txt | 2024-09-09 18:30:15 | 253
/oak/stanford/groups/gentzkow/lucaml/template/lib/gslab_make/sphinx/build/html/pages/directory.html | 2024-09-09 18:30:16 | 13028
/oak/stanford/groups/gentzkow/lucaml/template/lib/gslab_make/docs/_static/fonts/RobotoSlab/roboto-slab-v7-regular.woff | 2024-09-09 18:30:14 | 86288
/oak/stanford/groups/gentzkow/lucaml/template/lib/gslab_make/docs/pages/api/write_logs/gslab_make.write_logs.end_makelog.html | 2024-09-09 18:30:14 | 7814
/oak/stanford/groups/gentzkow/lucaml/template/lib/gslab_make/test/raw/config/config.yaml | 2024-09-09 18:30:16 | 1004
/oak/stanford/groups/gentzkow/lucaml/template/lib/gslab_make/sphinx/build/html/pages/api/run_program/gslab_make.run_program.run_stat_transfer.html | 2024-09-09 18:30:16 | 11737
/oak/stanford/groups/gentzkow/lucaml/template/lib/gslab_make/sphinx/build/html/_static/css/fonts/fontawesome-webfont.eot | 2024-09-09 18:30:15 | 165742
/oak/stanford/groups/gentzkow/lucaml/template/lib/gslab_make/sphinx/build/html/_static/css/fonts/fontawesome-webfont.woff | 2024-09-09 18:30:15 | 98024
/oak/stanford/groups/gentzkow/lucaml/template/lib/gslab_make/docs/_static/_sphinx_javascript_frameworks_compat.js | 2024-09-09 18:30:14 | 4418
/oak/stanford/groups/gentzkow/lucaml/template/lib/gslab_make/sphinx/build/doctrees/pages/api/make_utility/gslab_make.make_utility.update_paths.doctree | 2024-09-09 18:30:15 | 6897
/oak/stanford/groups/gentzkow/lucaml/template/lib/gslab_make/docs/_static/js/html5shiv-printshiv.min.js | 2024-09-09 18:30:14 | 4370
/oak/stanford/groups/gentzkow/lucaml/template/lib/gslab_make/docs/_sources/pages/general_logging.rst.txt | 2024-09-09 18:30:14 | 655
/oak/stanford/groups/gentzkow/lucaml/template/lib/gslab_make/gslab_make/private/__init__.py | 2024-09-09 18:30:15 | 0
/oak/stanford/groups/gentzkow/lucaml/template/lib/gslab_make/docs/_static/fonts/Lato/lato-italic.ttf | 2024-09-09 18:30:14 | 639388
/oak/stanford/groups/gentzkow/lucaml/template/lib/gslab_make/sphinx/build/doctrees/pages/api/run_program/gslab_make.run_program.execute_command.doctree | 2024-09-09 18:30:15 | 14475
/oak/stanford/groups/gentzkow/lucaml/template/lib/gslab_make/docs/pages/sourcing.html | 2024-09-09 18:30:14 | 33580
/oak/stanford/groups/gentzkow/lucaml/template/lib/gslab_make/sphinx/build/html/_static/css/fonts/lato-bold.woff | 2024-09-09 18:30:15 | 309728
/oak/stanford/groups/gentzkow/lucaml/template/lib/gslab_make/sphinx/build/doctrees/pages/api/make_utility/gslab_make.make_utility.update_executables.doctree | 2024-09-09 18:30:15 | 9465
/oak/stanford/groups/gentzkow/lucaml/template/lib/gslab_make/test/raw/log_sources/dir_depth/depth_1.txt | 2024-09-09 18:30:16 | 20
/oak/stanford/groups/gentzkow/lucaml/template/lib/gslab_make/docs/pages/api/move_sources/gslab_make.move_sources.copy_inputs.html | 2024-09-09 18:30:14 | 13232
/oak/stanford/groups/gentzkow/lucaml/template/lib/gslab_make/docs/_sources/pages/api/run_program/gslab_make.run_program.run_jupyter.rst.txt | 2024-09-09 18:30:14 | 98
/oak/stanford/groups/gentzkow/lucaml/template/lib/gslab_make/sphinx/build/doctrees/pages/api/write_logs/gslab_make.write_logs.log_files_in_output.doctree | 2024-09-09 18:30:15 | 16128
/oak/stanford/groups/gentzkow/lucaml/template/lib/gslab_make/docs/_static/fonts/RobotoSlab/roboto-slab-v7-regular.eot | 2024-09-09 18:30:14 | 78331
/oak/stanford/groups/gentzkow/lucaml/template/lib/gslab_make/test/raw/run_program/stata_script space.do | 2024-09-09 18:30:16 | 108
/oak/stanford/groups/gentzkow/lucaml/template/lib/gslab_make/sphinx/build/html/_sources/pages/api/run_program/gslab_make.run_program.run_python.rst.txt | 2024-09-09 18:30:15 | 95
/oak/stanford/groups/gentzkow/lucaml/template/lib/gslab_make/docs/pages/api/check_repo/gslab_make.check_repo.check_module_size.html | 2024-09-09 18:30:14 | 8620
/oak/stanford/groups/gentzkow/lucaml/template/lib/gslab_make/docs/pages/api/modify_dir/gslab_make.modify_dir.clear_dir.html | 2024-09-09 18:30:14 | 8001
/oak/stanford/groups/gentzkow/lucaml/template/lib/gslab_make/sphinx/build/html/pages/api/modify_dir/gslab_make.modify_dir.clear_dir.html | 2024-09-09 18:30:16 | 8001
/oak/stanford/groups/gentzkow/lucaml/template/lib/gslab_make/test/EXCLUDE_test_stata.py | 2024-09-09 18:30:16 | 8022
/oak/stanford/groups/gentzkow/lucaml/template/lib/gslab_make/sphinx/build/html/_static/doctools.js | 2024-09-09 18:30:15 | 4472
/oak/stanford/groups/gentzkow/lucaml/template/lib/gslab_make/sphinx/build/html/pages/api/tablefill/gslab_make.tablefill.tablefill.html | 2024-09-09 18:30:16 | 16859
/oak/stanford/groups/gentzkow/lucaml/template/lib/gslab_make/test/raw/run_program/perl_script_arg.pl | 2024-09-09 18:30:16 | 206
/oak/stanford/groups/gentzkow/lucaml/template/lib/gslab_make/docs/_static/fonts/Lato-Regular.ttf | 2024-09-09 18:30:14 | 656568
/oak/stanford/groups/gentzkow/lucaml/template/lib/gslab_make/sphinx/source/pages/dummy.rst | 2024-09-09 18:30:16 | 741
/oak/stanford/groups/gentzkow/lucaml/template/lib/gslab_make/test/raw/log_sources/dir_depth/dir_depth/depth_2.txt | 2024-09-09 18:30:16 | 20
/oak/stanford/groups/gentzkow/lucaml/template/lib/gslab_make/docs/_sources/pages/api/make_utility/gslab_make.make_utility.update_external_paths.rst.txt | 2024-09-09 18:30:14 | 129
/oak/stanford/groups/gentzkow/lucaml/template/lib/gslab_make/sphinx/build/html/pages/api/modify_dir/gslab_make.modify_dir.zip_dir.html | 2024-09-09 18:30:16 | 6800
/oak/stanford/groups/gentzkow/lucaml/template/lib/gslab_make/sphinx/source/pages/api/write_logs/gslab_make.write_logs.end_makelog.rst | 2024-09-09 18:30:16 | 97
/oak/stanford/groups/gentzkow/lucaml/template/lib/gslab_make/test/raw/tablefill/tablefill space.txt | 2024-09-09 18:30:16 | 66
/oak/stanford/groups/gentzkow/lucaml/template/lib/gslab_make/build/lib/gslab_make/private/programdirective.py | 2024-09-09 18:30:14 | 10360
/oak/stanford/groups/gentzkow/lucaml/template/lib/gslab_make/test/raw/log_sources/dir/file.txt | 2024-09-09 18:30:16 | 20
/oak/stanford/groups/gentzkow/lucaml/template/lib/gslab_make/sphinx/build/html/_sources/pages/api/check_repo/gslab_make.check_repo.check_conda_status.rst.txt | 2024-09-09 18:30:15 | 118
/oak/stanford/groups/gentzkow/lucaml/template/lib/gslab_make/docs/pages/api/make_utility/gslab_make.make_utility.copy_output.html | 2024-09-09 18:30:14 | 7810
/oak/stanford/groups/gentzkow/lucaml/template/lib/gslab_make/sphinx/build/html/_static/pygments.css | 2024-09-09 18:30:16 | 4902
/oak/stanford/groups/gentzkow/lucaml/template/lib/gslab_make/docs/pages/api/run_program/gslab_make.run_program.run_mathematica.html | 2024-09-09 18:30:14 | 11624
/oak/stanford/groups/gentzkow/lucaml/template/lib/gslab_make/docs/_static/fonts/Lato/lato-bolditalic.ttf | 2024-09-09 18:30:14 | 622572
/oak/stanford/groups/gentzkow/lucaml/template/lib/gslab_make/sphinx/source/pages/api/run_program/gslab_make.run_program.run_stat_transfer.rst | 2024-09-09 18:30:16 | 116
/oak/stanford/groups/gentzkow/lucaml/template/lib/gslab_make/docs/pages/api/make_utility/gslab_make.make_utility.update_external_paths.html | 2024-09-09 18:30:14 | 8716
/oak/stanford/groups/gentzkow/lucaml/template/lib/gslab_make/sphinx/build/html/_static/fonts/fontawesome-webfont.woff | 2024-09-09 18:30:15 | 98024
/oak/stanford/groups/gentzkow/lucaml/template/lib/gslab_make/build/lib/gslab_make/make_utility.py | 2024-09-09 18:30:14 | 5785
/oak/stanford/groups/gentzkow/lucaml/template/lib/gslab_make/test/raw/run_program/r_script.R | 2024-09-09 18:30:16 | 100
/oak/stanford/groups/gentzkow/lucaml/template/lib/gslab_make/sphinx/build/html/_sources/pages/api/check_repo/gslab_make.check_repo.get_modified_sources.rst.txt | 2024-09-09 18:30:15 | 124
/oak/stanford/groups/gentzkow/lucaml/template/lib/gslab_make/docs/_static/sphinx_highlight.js | 2024-09-09 18:30:14 | 4712
/oak/stanford/groups/gentzkow/lucaml/template/lib/gslab_make/sphinx/build/html/_static/basic.css | 2024-09-09 18:30:15 | 14810
/oak/stanford/groups/gentzkow/lucaml/template/lib/gslab_make/sphinx/Makefile | 2024-09-09 18:30:15 | 683
/oak/stanford/groups/gentzkow/lucaml/template/lib/gslab_make/sphinx/build/doctrees/pages/api/run_program/gslab_make.run_program.run_stat_transfer.doctree | 2024-09-09 18:30:15 | 17730
/oak/stanford/groups/gentzkow/lucaml/template/lib/gslab_make/sphinx/build/doctrees/environment.pickle | 2024-09-09 18:30:15 | 87795
/oak/stanford/groups/gentzkow/lucaml/template/lib/gslab_make/test/raw/move_sources/move_wildcard.txt | 2024-09-09 18:30:16 | 66
/oak/stanford/groups/gentzkow/lucaml/template/lib/gslab_make/sphinx/build/doctrees/pages/api/run_program/gslab_make.run_program.run_perl.doctree | 2024-09-09 18:30:15 | 17480
/oak/stanford/groups/gentzkow/lucaml/template/lib/gslab_make/test/raw/move_sources/move_bad_wildcard.txt | 2024-09-09 18:30:16 | 112
/oak/stanford/groups/gentzkow/lucaml/template/lib/gslab_make/test/raw/move_sources/move_bad.txt | 2024-09-09 18:30:16 | 31
/oak/stanford/groups/gentzkow/lucaml/template/lib/gslab_make/sphinx/build/html/pages/api/make_utility/gslab_make.make_utility.update_external_paths.html | 2024-09-09 18:30:16 | 8716
/oak/stanford/groups/gentzkow/lucaml/template/lib/gslab_make/sphinx/build/html/_sources/pages/program.rst.txt | 2024-09-09 18:30:15 | 2704
/oak/stanford/groups/gentzkow/lucaml/template/lib/gslab_make/build/lib/test/EXCLUDE_test_R.py | 2024-09-09 18:30:14 | 8001
/oak/stanford/groups/gentzkow/lucaml/template/lib/gslab_make/sphinx/build/html/_static/css/fonts/lato-bold-italic.woff | 2024-09-09 18:30:15 | 323344
/oak/stanford/groups/gentzkow/lucaml/template/lib/gslab_make/test/raw/run_program/lyx_file.lyx | 2024-09-09 18:30:16 | 1608
/oak/stanford/groups/gentzkow/lucaml/template/lib/gslab_make/sphinx/source/pages/api/run_program/gslab_make.run_program.run_latex.rst | 2024-09-09 18:30:16 | 92
/oak/stanford/groups/gentzkow/lucaml/template/lib/gslab_make/sphinx/build/html/pages/api/run_program/gslab_make.run_program.execute_command.html | 2024-09-09 18:30:16 | 11500
/oak/stanford/groups/gentzkow/lucaml/template/lib/gslab_make/test/raw/tablefill/tablefill_template_extra_input.lyx | 2024-09-09 18:30:16 | 1736
/oak/stanford/groups/gentzkow/lucaml/template/lib/gslab_make/docs/_sources/pages/api/check_repo/gslab_make.check_repo.check_module_size.rst.txt | 2024-09-09 18:30:14 | 115
/oak/stanford/groups/gentzkow/lucaml/template/lib/gslab_make/test/raw/move_sources/file space.txt | 2024-09-09 18:30:16 | 0
/oak/stanford/groups/gentzkow/lucaml/template/lib/gslab_make/sphinx/source/pages/api/make_utility/gslab_make.make_utility.copy_output.rst | 2024-09-09 18:30:16 | 99
/oak/stanford/groups/gentzkow/lucaml/template/lib/gslab_make/docs/_static/fonts/RobotoSlab-Bold.ttf | 2024-09-09 18:30:14 | 170616
/oak/stanford/groups/gentzkow/lucaml/template/lib/gslab_make/docs/_sources/pages/repository.rst.txt | 2024-09-09 18:30:14 | 363
/oak/stanford/groups/gentzkow/lucaml/template/lib/gslab_make/sphinx/build/html/_static/minus.png | 2024-09-09 18:30:16 | 90
/oak/stanford/groups/gentzkow/lucaml/template/lib/gslab_make/docs/_static/searchtools.js | 2024-09-09 18:30:14 | 18215
/oak/stanford/groups/gentzkow/lucaml/template/lib/gslab_make/test/raw/move_sources/move space.txt | 2024-09-09 18:30:16 | 76
/oak/stanford/groups/gentzkow/lucaml/template/lib/gslab_make/gslab_make/textfill_info.py | 2024-09-09 18:30:15 | 6314
/oak/stanford/groups/gentzkow/lucaml/template/lib/gslab_make/sphinx/build/html/_static/fonts/Lato/lato-italic.woff2 | 2024-09-09 18:30:15 | 195704
/oak/stanford/groups/gentzkow/lucaml/template/lib/gslab_make/sphinx/build/html/_static/fonts/Inconsolata-Bold.ttf | 2024-09-09 18:30:15 | 109948
/oak/stanford/groups/gentzkow/lucaml/template/lib/gslab_make/sphinx/build/html/_static/fonts/Lato/lato-bolditalic.woff2 | 2024-09-09 18:30:15 | 193308
/oak/stanford/groups/gentzkow/lucaml/template/lib/gslab_make/sphinx/build/html/_sources/pages/api/make_utility/gslab_make.make_utility.copy_output.rst.txt | 2024-09-09 18:30:15 | 99
/oak/stanford/groups/gentzkow/lucaml/template/lib/gslab_make/sphinx/build/html/_sources/pages/api/make_utility/gslab_make.make_utility.update_executables.rst.txt | 2024-09-09 18:30:15 | 120
/oak/stanford/groups/gentzkow/lucaml/template/lib/gslab_make/test/raw/tablefill/tablefill_template_too_many_values.lyx | 2024-09-09 18:30:16 | 4701
/oak/stanford/groups/gentzkow/lucaml/template/lib/gslab_make/test/raw/run_program/wrong_extension.txt | 2024-09-09 18:30:16 | 0
/oak/stanford/groups/gentzkow/lucaml/template/lib/gslab_make/docs/genindex.html | 2024-09-09 18:30:14 | 13171
/oak/stanford/groups/gentzkow/lucaml/template/lib/gslab_make/sphinx/build/html/_static/underscore-1.12.0.js | 2024-09-09 18:30:16 | 67692
/oak/stanford/groups/gentzkow/lucaml/template/lib/gslab_make/sphinx/build/html/_sources/pages/source_logging.rst.txt | 2024-09-09 18:30:15 | 380
/oak/stanford/groups/gentzkow/lucaml/template/lib/gslab_make/sphinx/build/html/pages/api/check_repo/gslab_make.check_repo.check_module_size.html | 2024-09-09 18:30:16 | 8620
/oak/stanford/groups/gentzkow/lucaml/template/lib/gslab_make/sphinx/build/html/_static/css/fonts/fontawesome-webfont.woff2 | 2024-09-09 18:30:15 | 77160
/oak/stanford/groups/gentzkow/lucaml/template/lib/gslab_make/docs/pages/source_logging.html | 2024-09-09 18:30:14 | 10796
/oak/stanford/groups/gentzkow/lucaml/template/lib/gslab_make/docs/_static/fonts/Lato/lato-bold.woff2 | 2024-09-09 18:30:14 | 184912
/oak/stanford/groups/gentzkow/lucaml/template/lib/gslab_make/sphinx/build/html/_sources/pages/api/run_program/gslab_make.run_program.run_r.rst.txt | 2024-09-09 18:30:15 | 80
/oak/stanford/groups/gentzkow/lucaml/template/lib/gslab_make/test/raw/run_program/matlab_script space.m | 2024-09-09 18:30:16 | 84
/oak/stanford/groups/gentzkow/lucaml/template/lib/gslab_make/build/lib/test/test_log_sources.py | 2024-09-09 18:30:14 | 4585
/oak/stanford/groups/gentzkow/lucaml/template/lib/gslab_make/sphinx/build/doctrees/pages/api/run_program/gslab_make.run_program.run_matlab.doctree | 2024-09-09 18:30:15 | 17431
/oak/stanford/groups/gentzkow/lucaml/template/lib/gslab_make/sphinx/build/html/_static/fonts/Lato/lato-bold.ttf | 2024-09-09 18:30:15 | 600856
/oak/stanford/groups/gentzkow/lucaml/template/lib/gslab_make/sphinx/build/doctrees/pages/specifying_paths.doctree | 2024-09-09 18:30:15 | 15321
/oak/stanford/groups/gentzkow/lucaml/template/lib/gslab_make/docs/_sources/pages/api/run_program/gslab_make.run_program.run_matlab.rst.txt | 2024-09-09 18:30:14 | 95
/oak/stanford/groups/gentzkow/lucaml/template/lib/gslab_make/docs/_static/fonts/Lato/lato-regular.woff | 2024-09-09 18:30:14 | 309192
/oak/stanford/groups/gentzkow/lucaml/template/lib/gslab_make/docs/_sources/pages/api/write_source_logs/gslab_make.write_source_logs.write_source_logs.rst.txt | 2024-09-09 18:30:14 | 122
/oak/stanford/groups/gentzkow/lucaml/template/lib/gslab_make/sphinx/build/html/_static/css/fonts/Roboto-Slab-Bold.woff2 | 2024-09-09 18:30:15 | 67312
/oak/stanford/groups/gentzkow/lucaml/template/lib/gslab_make/sphinx/build/html/_sources/pages/api/run_program/gslab_make.run_program.run_module.rst.txt | 2024-09-09 18:30:15 | 95
/oak/stanford/groups/gentzkow/lucaml/template/lib/gslab_make/sphinx/build/html/_sources/pages/api/move_sources/gslab_make.move_sources.link_externals.rst.txt | 2024-09-09 18:30:15 | 108
/oak/stanford/groups/gentzkow/lucaml/template/lib/gslab_make/build/lib/test/__init__.py | 2024-09-09 18:30:14 | 0
/oak/stanford/groups/gentzkow/lucaml/template/lib/gslab_make/sphinx/build/html/_sources/pages/api/make_utility/gslab_make.make_utility.update_paths.rst.txt | 2024-09-09 18:30:15 | 102
/oak/stanford/groups/gentzkow/lucaml/template/lib/gslab_make/sphinx/build/doctrees/pages/api/modify_dir/gslab_make.modify_dir.unzip.doctree | 2024-09-09 18:30:15 | 6968
/oak/stanford/groups/gentzkow/lucaml/template/lib/gslab_make/docs/_static/minus.png | 2024-09-09 18:30:14 | 90
/oak/stanford/groups/gentzkow/lucaml/template/lib/gslab_make/sphinx/build/html/_static/fonts/Inconsolata.ttf | 2024-09-09 18:30:15 | 63184
/oak/stanford/groups/gentzkow/lucaml/template/lib/gslab_make/docs/_static/fonts/Lato/lato-regular.ttf | 2024-09-09 18:30:14 | 607720
/oak/stanford/groups/gentzkow/lucaml/template/lib/gslab_make/build/lib/gslab_make/move_sources.py | 2024-09-09 18:30:14 | 19397
/oak/stanford/groups/gentzkow/lucaml/template/lib/gslab_make/sphinx/build/html/_static/fonts/Lato/lato-italic.woff | 2024-09-09 18:30:15 | 328412
/oak/stanford/groups/gentzkow/lucaml/template/lib/gslab_make/docs/_sources/pages/api/make_utility/gslab_make.make_utility.update_paths.rst.txt | 2024-09-09 18:30:14 | 102
/oak/stanford/groups/gentzkow/lucaml/template/lib/gslab_make/sphinx/build/html/_static/underscore-1.3.1.js | 2024-09-09 18:30:16 | 35168
/oak/stanford/groups/gentzkow/lucaml/template/lib/gslab_make/docs/pages/api/run_program/gslab_make.run_program.run_python.html | 2024-09-09 18:30:14 | 11595
/oak/stanford/groups/gentzkow/lucaml/template/lib/gslab_make/sphinx/build/html/_sources/pages/api/modify_dir/gslab_make.modify_dir.remove_dir.rst.txt | 2024-09-09 18:30:15 | 94
/oak/stanford/groups/gentzkow/lucaml/template/lib/gslab_make/docs/_sources/pages/api/run_program/gslab_make.run_program.run_module.rst.txt | 2024-09-09 18:30:14 | 95
/oak/stanford/groups/gentzkow/lucaml/template/lib/gslab_make/docs/pages/api/run_program/gslab_make.run_program.run_stat_transfer.html | 2024-09-09 18:30:14 | 11737
/oak/stanford/groups/gentzkow/lucaml/template/lib/gslab_make/docs/pages/filling.html | 2024-09-09 18:30:14 | 16869
/oak/stanford/groups/gentzkow/lucaml/template/lib/gslab_make/sphinx/build/html/_static/fonts/Lato-Bold.ttf | 2024-09-09 18:30:15 | 656544
/oak/stanford/groups/gentzkow/lucaml/template/lib/gslab_make/sphinx/source/pages/api/modify_dir/gslab_make.modify_dir.remove_dir.rst | 2024-09-09 18:30:16 | 94
/oak/stanford/groups/gentzkow/lucaml/template/lib/gslab_make/sphinx/build/html/_sources/pages/api/write_logs/gslab_make.write_logs.log_files_in_output.rst.txt | 2024-09-09 18:30:15 | 121
/oak/stanford/groups/gentzkow/lucaml/template/lib/gslab_make/sphinx/build/html/_static/fonts/Lato/lato-bolditalic.eot | 2024-09-09 18:30:15 | 266158
/oak/stanford/groups/gentzkow/lucaml/template/lib/gslab_make/docs/_static/fonts/Inconsolata-Regular.ttf | 2024-09-09 18:30:14 | 96964
/oak/stanford/groups/gentzkow/lucaml/template/lib/gslab_make/docs/_static/css/fonts/Roboto-Slab-Regular.woff | 2024-09-09 18:30:14 | 86288
/oak/stanford/groups/gentzkow/lucaml/template/lib/gslab_make/test/raw/log_outputs/dir_depth/depth_1.txt | 2024-09-09 18:30:16 | 20
/oak/stanford/groups/gentzkow/lucaml/template/lib/gslab_make/sphinx/build/html/pages/api/modify_dir/gslab_make.modify_dir.unzip.html | 2024-09-09 18:30:16 | 6833
/oak/stanford/groups/gentzkow/lucaml/template/lib/gslab_make/sphinx/build/html/pages/api/run_program/gslab_make.run_program.run_stata.html | 2024-09-09 18:30:16 | 11880
/oak/stanford/groups/gentzkow/lucaml/template/lib/gslab_make/docs/pages/api/make_utility/gslab_make.make_utility.update_internal_paths.html | 2024-09-09 18:30:14 | 8273
/oak/stanford/groups/gentzkow/lucaml/template/lib/gslab_make/sphinx/build/html/pages/api/run_program/gslab_make.run_program.run_sas.html | 2024-09-09 18:30:16 | 12009
/oak/stanford/groups/gentzkow/lucaml/template/lib/gslab_make/docs/_static/css/fonts/fontawesome-webfont.woff | 2024-09-09 18:30:14 | 98024
/oak/stanford/groups/gentzkow/lucaml/template/lib/gslab_make/docs/_static/fonts/Lato/lato-italic.woff2 | 2024-09-09 18:30:14 | 195704
/oak/stanford/groups/gentzkow/lucaml/template/lib/gslab_make/sphinx/build/doctrees/pages/api/move_sources/gslab_make.move_sources.copy_externals.doctree | 2024-09-09 18:30:15 | 19323
/oak/stanford/groups/gentzkow/lucaml/template/lib/gslab_make/gslab_make/private/messages.py | 2024-09-09 18:30:15 | 5991
/oak/stanford/groups/gentzkow/lucaml/template/lib/gslab_make/sphinx/build/doctrees/pages/api/write_source_logs/gslab_make.write_source_logs.write_source_logs.doctree | 2024-09-09 18:30:15 | 18133
/oak/stanford/groups/gentzkow/lucaml/template/lib/gslab_make/sphinx/build/html/_sources/pages/api/check_repo/gslab_make.check_repo.check_module_size.rst.txt | 2024-09-09 18:30:15 | 115
/oak/stanford/groups/gentzkow/lucaml/template/lib/gslab_make/sphinx/build/html/_static/fonts/Lato/lato-regular.eot | 2024-09-09 18:30:15 | 253461
/oak/stanford/groups/gentzkow/lucaml/template/lib/gslab_make/test/README.md | 2024-09-09 18:30:16 | 830
/oak/stanford/groups/gentzkow/lucaml/template/lib/gslab_make/gslab_make/write_logs.py | 2024-09-09 18:30:15 | 10665
/oak/stanford/groups/gentzkow/lucaml/template/lib/gslab_make/test/test_make_utility.py | 2024-09-09 18:30:16 | 4552
/oak/stanford/groups/gentzkow/lucaml/template/lib/gslab_make/docs/_static/fonts/fontawesome-webfont.woff2 | 2024-09-09 18:30:14 | 77160
/oak/stanford/groups/gentzkow/lucaml/template/lib/gslab_make/sphinx/source/pages/api/move_sources/gslab_make.move_sources.link_externals.rst | 2024-09-09 18:30:16 | 108
/oak/stanford/groups/gentzkow/lucaml/template/lib/gslab_make/docs/pages/dummy.html | 2024-09-09 18:30:14 | 17663
/oak/stanford/groups/gentzkow/lucaml/template/lib/gslab_make/build/lib/gslab_make/__init__.py | 2024-09-09 18:30:14 | 2756
/oak/stanford/groups/gentzkow/lucaml/template/lib/gslab_make/docs/_static/css/fonts/lato-normal.woff | 2024-09-09 18:30:14 | 309192
/oak/stanford/groups/gentzkow/lucaml/template/lib/gslab_make/docs/_static/css/fonts/lato-bold.woff | 2024-09-09 18:30:14 | 309728
/oak/stanford/groups/gentzkow/lucaml/template/lib/gslab_make/build/lib/test/EXCLUDE_test_perl.py | 2024-09-09 18:30:14 | 8121
/oak/stanford/groups/gentzkow/lucaml/template/lib/gslab_make/sphinx/build/html/_static/fonts/RobotoSlab/roboto-slab-v7-regular.eot | 2024-09-09 18:30:15 | 78331
/oak/stanford/groups/gentzkow/lucaml/template/lib/gslab_make/docs/_sources/pages/api/run_program/gslab_make.run_program.run_lyx.rst.txt | 2024-09-09 18:30:14 | 86
/oak/stanford/groups/gentzkow/lucaml/template/lib/gslab_make/sphinx/build/html/pages/api/write_logs/gslab_make.write_logs.end_makelog.html | 2024-09-09 18:30:16 | 7814
/oak/stanford/groups/gentzkow/lucaml/template/lib/gslab_make/test/EXCLUDE_test_R.py | 2024-09-09 18:30:16 | 8001
/oak/stanford/groups/gentzkow/lucaml/template/lib/gslab_make/docs/_sources/pages/api/modify_dir/gslab_make.modify_dir.clear_dir.rst.txt | 2024-09-09 18:30:14 | 91
/oak/stanford/groups/gentzkow/lucaml/template/lib/gslab_make/docs/_static/fonts/Lato/lato-italic.eot | 2024-09-09 18:30:14 | 268604
/oak/stanford/groups/gentzkow/lucaml/template/lib/gslab_make/docs/_static/fonts/Lato-Bold.ttf | 2024-09-09 18:30:14 | 656544
/oak/stanford/groups/gentzkow/lucaml/template/lib/gslab_make/sphinx/build/html/pages/api/modify_dir/gslab_make.modify_dir.remove_dir.html | 2024-09-09 18:30:16 | 8200
/oak/stanford/groups/gentzkow/lucaml/template/lib/gslab_make/sphinx/build/html/_static/underscore-1.13.1.js | 2024-09-09 18:30:16 | 68420
/oak/stanford/groups/gentzkow/lucaml/template/lib/gslab_make/docs/_static/fonts/Lato/lato-bolditalic.woff2 | 2024-09-09 18:30:14 | 193308
/oak/stanford/groups/gentzkow/lucaml/template/lib/gslab_make/build/lib/test/test_makelog.py | 2024-09-09 18:30:14 | 2308
/oak/stanford/groups/gentzkow/lucaml/template/lib/gslab_make/docs/pages/program.html | 2024-09-09 18:30:14 | 63451
/oak/stanford/groups/gentzkow/lucaml/template/lib/gslab_make/gslab_make/check_repo.py | 2024-09-09 18:30:14 | 14471
/oak/stanford/groups/gentzkow/lucaml/template/lib/gslab_make/docs/pages/api/write_logs/gslab_make.write_logs.log_files_in_output.html | 2024-09-09 18:30:14 | 11010
/oak/stanford/groups/gentzkow/lucaml/template/lib/gslab_make/docs/_sources/index.rst.txt | 2024-09-09 18:30:14 | 1039
/oak/stanford/groups/gentzkow/lucaml/template/lib/gslab_make/docs/_static/fonts/fontawesome-webfont.ttf | 2024-09-09 18:30:14 | 165548
/oak/stanford/groups/gentzkow/lucaml/template/lib/gslab_make/sphinx/source/pages/api/move_sources/gslab_make.move_sources.copy_inputs.rst | 2024-09-09 18:30:16 | 99
/oak/stanford/groups/gentzkow/lucaml/template/lib/gslab_make/sphinx/build/doctrees/pages/repository.doctree | 2024-09-09 18:30:15 | 23271
/oak/stanford/groups/gentzkow/lucaml/template/lib/gslab_make/sphinx/build/html/_static/fonts/fontawesome-webfont.svg | 2024-09-09 18:30:15 | 444379
/oak/stanford/groups/gentzkow/lucaml/template/lib/gslab_make/sphinx/build/html/_sources/pages/dummy.rst.txt | 2024-09-09 18:30:15 | 741
/oak/stanford/groups/gentzkow/lucaml/template/lib/gslab_make/sphinx/source/conf.py | 2024-09-09 18:30:16 | 1537
/oak/stanford/groups/gentzkow/lucaml/template/lib/gslab_make/sphinx/source/pages/api/modify_dir/gslab_make.modify_dir.clear_dir.rst | 2024-09-09 18:30:16 | 91
/oak/stanford/groups/gentzkow/lucaml/template/lib/gslab_make/test/raw/run_program/stata_script.do | 2024-09-09 18:30:16 | 108
/oak/stanford/groups/gentzkow/lucaml/template/lib/gslab_make/test/raw/run_program/lyx_file_beamer.lyx | 2024-09-09 18:30:16 | 2000
/oak/stanford/groups/gentzkow/lucaml/template/lib/gslab_make/docs/pages/api/run_program/gslab_make.run_program.run_perl.html | 2024-09-09 18:30:14 | 11601
/oak/stanford/groups/gentzkow/lucaml/template/lib/gslab_make/build/lib/test/EXCLUDE_test_lyx.py | 2024-09-09 18:30:14 | 9277
/oak/stanford/groups/gentzkow/lucaml/template/lib/gslab_make/sphinx/build/html/_static/fonts/RobotoSlab/roboto-slab-v7-regular.woff2 | 2024-09-09 18:30:15 | 66444
/oak/stanford/groups/gentzkow/lucaml/template/lib/gslab_make/docs/_static/jquery.js | 2024-09-09 18:30:14 | 89501
/oak/stanford/groups/gentzkow/lucaml/template/lib/gslab_make/sphinx/build/html/search.html | 2024-09-09 18:30:16 | 4838
/oak/stanford/groups/gentzkow/lucaml/template/lib/gslab_make/docs/pages/repository.html | 2024-09-09 18:30:14 | 11550
/oak/stanford/groups/gentzkow/lucaml/template/lib/gslab_make/test/utility.py | 2024-09-09 18:30:16 | 1404
/oak/stanford/groups/gentzkow/lucaml/template/lib/gslab_make/sphinx/README.md | 2024-09-09 18:30:15 | 1340
/oak/stanford/groups/gentzkow/lucaml/template/lib/gslab_make/build/lib/gslab_make/tablefill_info.py | 2024-09-09 18:30:14 | 8432
/oak/stanford/groups/gentzkow/lucaml/template/lib/gslab_make/sphinx/build/doctrees/pages/api/move_sources/gslab_make.move_sources.copy_inputs.doctree | 2024-09-09 18:30:15 | 19227
/oak/stanford/groups/gentzkow/lucaml/template/lib/gslab_make/sphinx/build/html/_static/fonts/fontawesome-webfont.eot | 2024-09-09 18:30:15 | 165742
/oak/stanford/groups/gentzkow/lucaml/template/lib/gslab_make/sphinx/build/html/_sources/pages/api/modify_dir/gslab_make.modify_dir.clear_dir.rst.txt | 2024-09-09 18:30:15 | 91
/oak/stanford/groups/gentzkow/lucaml/template/lib/gslab_make/sphinx/make.bat | 2024-09-09 18:30:16 | 941
/oak/stanford/groups/gentzkow/lucaml/template/lib/gslab_make/build/lib/test/test_python.py | 2024-09-09 18:30:14 | 7064
/oak/stanford/groups/gentzkow/lucaml/template/lib/gslab_make/sphinx/build/html/_static/css/fonts/lato-normal-italic.woff | 2024-09-09 18:30:15 | 328412
/oak/stanford/groups/gentzkow/lucaml/template/lib/gslab_make/docs/_sources/pages/directory.rst.txt | 2024-09-09 18:30:14 | 344
/oak/stanford/groups/gentzkow/lucaml/template/lib/gslab_make/sphinx/source/pages/api/modify_dir/gslab_make.modify_dir.unzip.rst | 2024-09-09 18:30:16 | 79
/oak/stanford/groups/gentzkow/lucaml/template/lib/gslab_make/sphinx/build/html/_static/fonts/RobotoSlab/roboto-slab-v7-bold.ttf | 2024-09-09 18:30:15 | 170616
/oak/stanford/groups/gentzkow/lucaml/template/lib/gslab_make/docs/_static/fonts/fontawesome-webfont.svg | 2024-09-09 18:30:14 | 444379
/oak/stanford/groups/gentzkow/lucaml/template/lib/gslab_make/docs/_static/css/fonts/lato-bold-italic.woff2 | 2024-09-09 18:30:14 | 193308
/oak/stanford/groups/gentzkow/lucaml/template/lib/gslab_make/test/raw/run_program/python_script_error.py | 2024-09-09 18:30:16 | 5
/oak/stanford/groups/gentzkow/lucaml/template/lib/gslab_make/build/lib/gslab_make/run_program.py | 2024-09-09 18:30:14 | 42182
/oak/stanford/groups/gentzkow/lucaml/template/lib/gslab_make/docs/pages/api/run_program/gslab_make.run_program.run_module.html | 2024-09-09 18:30:14 | 10569
/oak/stanford/groups/gentzkow/lucaml/template/lib/gslab_make/sphinx/build/html/pages/source_logging.html | 2024-09-09 18:30:16 | 10796
/oak/stanford/groups/gentzkow/lucaml/template/lib/gslab_make/docs/_sources/pages/api/write_logs/gslab_make.write_logs.log_files_in_output.rst.txt | 2024-09-09 18:30:14 | 121
/oak/stanford/groups/gentzkow/lucaml/template/lib/gslab_make/sphinx/build/html/_static/fonts/Lato/lato-bold.woff | 2024-09-09 18:30:15 | 309728
/oak/stanford/groups/gentzkow/lucaml/template/lib/gslab_make/docs/_sources/pages/api/modify_dir/gslab_make.modify_dir.unzip.rst.txt | 2024-09-09 18:30:14 | 79
/oak/stanford/groups/gentzkow/lucaml/template/lib/gslab_make/gslab_make/run_program.py | 2024-09-09 18:30:15 | 42761
/oak/stanford/groups/gentzkow/lucaml/template/lib/gslab_make/test/raw/log_outputs/dir/file.txt | 2024-09-09 18:30:16 | 20
/oak/stanford/groups/gentzkow/lucaml/template/lib/gslab_make/build/lib/test/test_make_utility.py | 2024-09-09 18:30:14 | 4552
/oak/stanford/groups/gentzkow/lucaml/template/lib/gslab_make/sphinx/build/html/_static/js/html5shiv-printshiv.min.js | 2024-09-09 18:30:16 | 4370
/oak/stanford/groups/gentzkow/lucaml/template/lib/gslab_make/test/__init__.py | 2024-09-09 18:30:16 | 0
/oak/stanford/groups/gentzkow/lucaml/template/lib/__init__.py | 2024-09-09 18:09:19 | 0
/oak/stanford/groups/gentzkow/lucaml/template/lib/gslab_make/sphinx/build/doctrees/pages/api/make_utility/gslab_make.make_utility.copy_output.doctree | 2024-09-09 18:30:15 | 7010
/oak/stanford/groups/gentzkow/lucaml/template/lib/gslab_make/sphinx/build/html/pages/api/run_program/gslab_make.run_program.run_perl.html | 2024-09-09 18:30:16 | 11601
/oak/stanford/groups/gentzkow/lucaml/template/lib/gslab_make/sphinx/build/doctrees/pages/api/make_utility/gslab_make.make_utility.update_internal_paths.doctree | 2024-09-09 18:30:15 | 8328
/oak/stanford/groups/gentzkow/lucaml/template/lib/gslab_make/sphinx/build/html/pages/api/run_program/gslab_make.run_program.run_mathematica.html | 2024-09-09 18:30:16 | 11624
/oak/stanford/groups/gentzkow/lucaml/template/lib/gslab_make/sphinx/build/html/_static/fonts/Lato/lato-italic.ttf | 2024-09-09 18:30:15 | 639388
/oak/stanford/groups/gentzkow/lucaml/template/lib/gslab_make/sphinx/build/html/_sources/pages/directory.rst.txt | 2024-09-09 18:30:15 | 344
/oak/stanford/groups/gentzkow/lucaml/template/lib/gslab_make/docs/pages/directory.html | 2024-09-09 18:30:14 | 13028
